#
# There is insufficient memory for the Java Runtime Environment to continue.
# Native memory allocation (malloc) failed to allocate 1100336 bytes for Chunk::new
# Possible reasons:
#   The system is out of physical RAM or swap space
#   The process is running with CompressedOops enabled, and the Java Heap may be blocking the growth of the native heap
# Possible solutions:
#   Reduce memory load on the system
#   Increase physical memory or swap space
#   Check if swap backing store is full
#   Decrease Java heap size (-Xmx/-Xms)
#   Decrease number of Java threads
#   Decrease Java thread stack sizes (-Xss)
#   Set larger code cache with -XX:ReservedCodeCacheSize=
#   JVM is running with Unscaled Compressed Oops mode in which the Java heap is
#     placed in the first 4GB address space. The Java Heap base address is the
#     maximum limit for the native heap growth. Please use -XX:HeapBaseMinAddress
#     to set the Java Heap base and to place the Java Heap above 4GB virtual address.
# This output file may be truncated or incomplete.
#
#  Out of Memory Error (./src/hotspot/share/memory/arena.cpp:197), pid=8336, tid=16724
#
# JRE version: OpenJDK Runtime Environment Corretto-11.0.9.12.1 (11.0.9.1+12) (build 11.0.9.1+12-LTS)
# Java VM: OpenJDK 64-Bit Server VM Corretto-11.0.9.12.1 (11.0.9.1+12-LTS, mixed mode, tiered, compressed oops, g1 gc, windows-amd64)
# No core dump will be written. Minidumps are not enabled by default on client versions of Windows
#

---------------  S U M M A R Y ------------

Command Line: com.PhanLam.backend.BackEndApplication

Host: Intel(R) Core(TM) i5-4300U CPU @ 1.90GHz, 4 cores, 7G,  Windows 10 , 64 bit Build 19041 (10.0.19041.804)
Time: Thu Feb 25 11:05:29 2021 SE Asia Standard Time elapsed time: 1.951428 seconds (0d 0h 0m 1s)

---------------  T H R E A D  ---------------

Current thread (0x000001a3a4ee1800):  JavaThread "C2 CompilerThread1" daemon [_thread_in_native, id=16724, stack(0x0000008a7bb00000,0x0000008a7bc00000)]


Current CompileTask:
C2:   1951  900   !   4       java.util.jar.Attributes::read (388 bytes)

Stack: [0x0000008a7bb00000,0x0000008a7bc00000]
Native frames: (J=compiled Java code, j=interpreted, Vv=VM code, C=native code)
V  [jvm.dll+0x5f504a]
V  [jvm.dll+0x77d3ee]
V  [jvm.dll+0x77eabf]
V  [jvm.dll+0x77f183]
V  [jvm.dll+0x247668]
V  [jvm.dll+0xbe2bc]
V  [jvm.dll+0xbe9bc]
V  [jvm.dll+0x34cf87]
V  [jvm.dll+0x199631]
V  [jvm.dll+0x201212]
V  [jvm.dll+0x2002bf]
V  [jvm.dll+0x184fbc]
V  [jvm.dll+0x20f697]
V  [jvm.dll+0x20d87b]
V  [jvm.dll+0x741ca9]
V  [jvm.dll+0x73ad54]
V  [jvm.dll+0x5f3f76]
C  [ucrtbase.dll+0x21bb2]
C  [KERNEL32.DLL+0x17034]
C  [ntdll.dll+0x4d241]


---------------  P R O C E S S  ---------------

Threads class SMR info:
_java_thread_list=0x000001a3a5446bf0, length=13, elements={
0x000001a3854fa800, 0x000001a3a3c13800, 0x000001a3a3c1d000, 0x000001a3a3c2f000,
0x000001a3a3c30800, 0x000001a3a3c31800, 0x000001a3a3c40800, 0x000001a3a3c43800,
0x000001a3a46fb000, 0x000001a3a46fc800, 0x000001a3a4ee1800, 0x000001a3a535a800,
0x000001a3a5436000
}

Java Threads: ( => current thread )
  0x000001a3854fa800 JavaThread "main" [_thread_blocked, id=10568, stack(0x0000008a7a800000,0x0000008a7a900000)]
  0x000001a3a3c13800 JavaThread "Reference Handler" daemon [_thread_blocked, id=15008, stack(0x0000008a7af00000,0x0000008a7b000000)]
  0x000001a3a3c1d000 JavaThread "Finalizer" daemon [_thread_blocked, id=17544, stack(0x0000008a7b000000,0x0000008a7b100000)]
  0x000001a3a3c2f000 JavaThread "Signal Dispatcher" daemon [_thread_blocked, id=12480, stack(0x0000008a7b100000,0x0000008a7b200000)]
  0x000001a3a3c30800 JavaThread "Attach Listener" daemon [_thread_blocked, id=15052, stack(0x0000008a7b200000,0x0000008a7b300000)]
  0x000001a3a3c31800 JavaThread "C2 CompilerThread0" daemon [_thread_in_native, id=16416, stack(0x0000008a7b300000,0x0000008a7b400000)]
  0x000001a3a3c40800 JavaThread "C1 CompilerThread0" daemon [_thread_blocked, id=16864, stack(0x0000008a7b400000,0x0000008a7b500000)]
  0x000001a3a3c43800 JavaThread "Sweeper thread" daemon [_thread_blocked, id=11488, stack(0x0000008a7b500000,0x0000008a7b600000)]
  0x000001a3a46fb000 JavaThread "Service Thread" daemon [_thread_blocked, id=2948, stack(0x0000008a7b600000,0x0000008a7b700000)]
  0x000001a3a46fc800 JavaThread "Common-Cleaner" daemon [_thread_blocked, id=7660, stack(0x0000008a7b800000,0x0000008a7b900000)]
=>0x000001a3a4ee1800 JavaThread "C2 CompilerThread1" daemon [_thread_in_native, id=16724, stack(0x0000008a7bb00000,0x0000008a7bc00000)]
  0x000001a3a535a800 JavaThread "Thread-0" [_thread_blocked, id=8248, stack(0x0000008a7bc00000,0x0000008a7bd00000)]
  0x000001a3a5436000 JavaThread "restartedMain" [_thread_in_Java, id=17240, stack(0x0000008a7bd00000,0x0000008a7be00000)]

Other Threads:
  0x000001a3a3bec800 VMThread "VM Thread" [stack: 0x0000008a7ae00000,0x0000008a7af00000] [id=772]
  0x000001a3a46fc000 WatcherThread [stack: 0x0000008a7b700000,0x0000008a7b800000] [id=17224]
  0x000001a38550f000 GCTaskThread "GC Thread#0" [stack: 0x0000008a7a900000,0x0000008a7aa00000] [id=14844]
  0x000001a3a4b9c000 GCTaskThread "GC Thread#1" [stack: 0x0000008a7b900000,0x0000008a7ba00000] [id=2336]
  0x000001a3a4cad000 GCTaskThread "GC Thread#2" [stack: 0x0000008a7ba00000,0x0000008a7bb00000] [id=15816]
  0x000001a385540800 ConcurrentGCThread "G1 Main Marker" [stack: 0x0000008a7aa00000,0x0000008a7ab00000] [id=1768]
  0x000001a385541800 ConcurrentGCThread "G1 Conc#0" [stack: 0x0000008a7ab00000,0x0000008a7ac00000] [id=9940]
  0x000001a3855c6000 ConcurrentGCThread "G1 Refine#0" [stack: 0x0000008a7ac00000,0x0000008a7ad00000] [id=1172]
  0x000001a3a3a60800 ConcurrentGCThread "G1 Young RemSet Sampling" [stack: 0x0000008a7ad00000,0x0000008a7ae00000] [id=11272]

Threads with active compile tasks:
C2 CompilerThread0   1982 1095       4       jdk.internal.org.objectweb.asm.Item::set (219 bytes)
C2 CompilerThread1   1982  900   !   4       java.util.jar.Attributes::read (388 bytes)

VM state:not at safepoint (normal execution)

VM Mutex/Monitor currently owned by a thread: None

Heap address: 0x0000000081800000, size: 2024 MB, Compressed Oops mode: 32-bit
Narrow klass base: 0x0000000000000000, Narrow klass shift: 3
Compressed class space size: 1073741824 Address: 0x0000000100000000

Heap:
 garbage-first heap   total 131072K, used 39143K [0x0000000081800000, 0x0000000100000000)
  region size 1024K, 36 young (36864K), 4 survivors (4096K)
 Metaspace       used 12386K, capacity 12572K, committed 12672K, reserved 1060864K
  class space    used 1232K, capacity 1326K, committed 1408K, reserved 1048576K
Heap Regions: E=young(eden), S=young(survivor), O=old, HS=humongous(starts), HC=humongous(continues), CS=collection set, F=free, A=archive, TAMS=top-at-mark-start (previous, next)
|   0|0x0000000081800000, 0x0000000081900000, 0x0000000081900000|100%|HS|  |TAMS 0x0000000081800000, 0x0000000081800000| Complete 
|   1|0x0000000081900000, 0x0000000081a00000, 0x0000000081a00000|100%|HS|  |TAMS 0x0000000081900000, 0x0000000081900000| Complete 
|   2|0x0000000081a00000, 0x0000000081b00000, 0x0000000081b00000|100%| O|  |TAMS 0x0000000081a00000, 0x0000000081a00000| Untracked 
|   3|0x0000000081b00000, 0x0000000081c00000, 0x0000000081c00000|100%| O|  |TAMS 0x0000000081b00000, 0x0000000081b00000| Untracked 
|   4|0x0000000081c00000, 0x0000000081cdb200, 0x0000000081d00000| 85%| O|  |TAMS 0x0000000081c00000, 0x0000000081c00000| Untracked 
|   5|0x0000000081d00000, 0x0000000081d00000, 0x0000000081e00000|  0%| F|  |TAMS 0x0000000081d00000, 0x0000000081d00000| Untracked 
|   6|0x0000000081e00000, 0x0000000081e00000, 0x0000000081f00000|  0%| F|  |TAMS 0x0000000081e00000, 0x0000000081e00000| Untracked 
|   7|0x0000000081f00000, 0x0000000081f00000, 0x0000000082000000|  0%| F|  |TAMS 0x0000000081f00000, 0x0000000081f00000| Untracked 
|   8|0x0000000082000000, 0x0000000082000000, 0x0000000082100000|  0%| F|  |TAMS 0x0000000082000000, 0x0000000082000000| Untracked 
|   9|0x0000000082100000, 0x0000000082100000, 0x0000000082200000|  0%| F|  |TAMS 0x0000000082100000, 0x0000000082100000| Untracked 
|  10|0x0000000082200000, 0x0000000082200000, 0x0000000082300000|  0%| F|  |TAMS 0x0000000082200000, 0x0000000082200000| Untracked 
|  11|0x0000000082300000, 0x0000000082300000, 0x0000000082400000|  0%| F|  |TAMS 0x0000000082300000, 0x0000000082300000| Untracked 
|  12|0x0000000082400000, 0x0000000082400000, 0x0000000082500000|  0%| F|  |TAMS 0x0000000082400000, 0x0000000082400000| Untracked 
|  13|0x0000000082500000, 0x0000000082500000, 0x0000000082600000|  0%| F|  |TAMS 0x0000000082500000, 0x0000000082500000| Untracked 
|  14|0x0000000082600000, 0x0000000082600000, 0x0000000082700000|  0%| F|  |TAMS 0x0000000082600000, 0x0000000082600000| Untracked 
|  15|0x0000000082700000, 0x0000000082700000, 0x0000000082800000|  0%| F|  |TAMS 0x0000000082700000, 0x0000000082700000| Untracked 
|  16|0x0000000082800000, 0x0000000082800000, 0x0000000082900000|  0%| F|  |TAMS 0x0000000082800000, 0x0000000082800000| Untracked 
|  17|0x0000000082900000, 0x0000000082900000, 0x0000000082a00000|  0%| F|  |TAMS 0x0000000082900000, 0x0000000082900000| Untracked 
|  18|0x0000000082a00000, 0x0000000082a00000, 0x0000000082b00000|  0%| F|  |TAMS 0x0000000082a00000, 0x0000000082a00000| Untracked 
|  19|0x0000000082b00000, 0x0000000082b00000, 0x0000000082c00000|  0%| F|  |TAMS 0x0000000082b00000, 0x0000000082b00000| Untracked 
|  20|0x0000000082c00000, 0x0000000082c00000, 0x0000000082d00000|  0%| F|  |TAMS 0x0000000082c00000, 0x0000000082c00000| Untracked 
|  21|0x0000000082d00000, 0x0000000082d00000, 0x0000000082e00000|  0%| F|  |TAMS 0x0000000082d00000, 0x0000000082d00000| Untracked 
|  22|0x0000000082e00000, 0x0000000082e00000, 0x0000000082f00000|  0%| F|  |TAMS 0x0000000082e00000, 0x0000000082e00000| Untracked 
|  23|0x0000000082f00000, 0x0000000082f00000, 0x0000000083000000|  0%| F|  |TAMS 0x0000000082f00000, 0x0000000082f00000| Untracked 
|  24|0x0000000083000000, 0x0000000083000000, 0x0000000083100000|  0%| F|  |TAMS 0x0000000083000000, 0x0000000083000000| Untracked 
|  25|0x0000000083100000, 0x0000000083100000, 0x0000000083200000|  0%| F|  |TAMS 0x0000000083100000, 0x0000000083100000| Untracked 
|  26|0x0000000083200000, 0x0000000083200000, 0x0000000083300000|  0%| F|  |TAMS 0x0000000083200000, 0x0000000083200000| Untracked 
|  27|0x0000000083300000, 0x0000000083300000, 0x0000000083400000|  0%| F|  |TAMS 0x0000000083300000, 0x0000000083300000| Untracked 
|  28|0x0000000083400000, 0x0000000083400000, 0x0000000083500000|  0%| F|  |TAMS 0x0000000083400000, 0x0000000083400000| Untracked 
|  29|0x0000000083500000, 0x0000000083500000, 0x0000000083600000|  0%| F|  |TAMS 0x0000000083500000, 0x0000000083500000| Untracked 
|  30|0x0000000083600000, 0x0000000083600000, 0x0000000083700000|  0%| F|  |TAMS 0x0000000083600000, 0x0000000083600000| Untracked 
|  31|0x0000000083700000, 0x0000000083700000, 0x0000000083800000|  0%| F|  |TAMS 0x0000000083700000, 0x0000000083700000| Untracked 
|  32|0x0000000083800000, 0x0000000083800000, 0x0000000083900000|  0%| F|  |TAMS 0x0000000083800000, 0x0000000083800000| Untracked 
|  33|0x0000000083900000, 0x0000000083900000, 0x0000000083a00000|  0%| F|  |TAMS 0x0000000083900000, 0x0000000083900000| Untracked 
|  34|0x0000000083a00000, 0x0000000083a00000, 0x0000000083b00000|  0%| F|  |TAMS 0x0000000083a00000, 0x0000000083a00000| Untracked 
|  35|0x0000000083b00000, 0x0000000083b00000, 0x0000000083c00000|  0%| F|  |TAMS 0x0000000083b00000, 0x0000000083b00000| Untracked 
|  36|0x0000000083c00000, 0x0000000083c00000, 0x0000000083d00000|  0%| F|  |TAMS 0x0000000083c00000, 0x0000000083c00000| Untracked 
|  37|0x0000000083d00000, 0x0000000083d00000, 0x0000000083e00000|  0%| F|  |TAMS 0x0000000083d00000, 0x0000000083d00000| Untracked 
|  38|0x0000000083e00000, 0x0000000083e00000, 0x0000000083f00000|  0%| F|  |TAMS 0x0000000083e00000, 0x0000000083e00000| Untracked 
|  39|0x0000000083f00000, 0x0000000083f00000, 0x0000000084000000|  0%| F|  |TAMS 0x0000000083f00000, 0x0000000083f00000| Untracked 
|  40|0x0000000084000000, 0x0000000084000000, 0x0000000084100000|  0%| F|  |TAMS 0x0000000084000000, 0x0000000084000000| Untracked 
|  41|0x0000000084100000, 0x0000000084100000, 0x0000000084200000|  0%| F|  |TAMS 0x0000000084100000, 0x0000000084100000| Untracked 
|  42|0x0000000084200000, 0x0000000084200000, 0x0000000084300000|  0%| F|  |TAMS 0x0000000084200000, 0x0000000084200000| Untracked 
|  43|0x0000000084300000, 0x0000000084300000, 0x0000000084400000|  0%| F|  |TAMS 0x0000000084300000, 0x0000000084300000| Untracked 
|  44|0x0000000084400000, 0x0000000084400000, 0x0000000084500000|  0%| F|  |TAMS 0x0000000084400000, 0x0000000084400000| Untracked 
|  45|0x0000000084500000, 0x0000000084500000, 0x0000000084600000|  0%| F|  |TAMS 0x0000000084500000, 0x0000000084500000| Untracked 
|  46|0x0000000084600000, 0x0000000084600000, 0x0000000084700000|  0%| F|  |TAMS 0x0000000084600000, 0x0000000084600000| Untracked 
|  47|0x0000000084700000, 0x0000000084700000, 0x0000000084800000|  0%| F|  |TAMS 0x0000000084700000, 0x0000000084700000| Untracked 
|  48|0x0000000084800000, 0x0000000084800000, 0x0000000084900000|  0%| F|  |TAMS 0x0000000084800000, 0x0000000084800000| Untracked 
|  49|0x0000000084900000, 0x0000000084900000, 0x0000000084a00000|  0%| F|  |TAMS 0x0000000084900000, 0x0000000084900000| Untracked 
|  50|0x0000000084a00000, 0x0000000084a00000, 0x0000000084b00000|  0%| F|  |TAMS 0x0000000084a00000, 0x0000000084a00000| Untracked 
|  51|0x0000000084b00000, 0x0000000084b00000, 0x0000000084c00000|  0%| F|  |TAMS 0x0000000084b00000, 0x0000000084b00000| Untracked 
|  52|0x0000000084c00000, 0x0000000084c00000, 0x0000000084d00000|  0%| F|  |TAMS 0x0000000084c00000, 0x0000000084c00000| Untracked 
|  53|0x0000000084d00000, 0x0000000084d00000, 0x0000000084e00000|  0%| F|  |TAMS 0x0000000084d00000, 0x0000000084d00000| Untracked 
|  54|0x0000000084e00000, 0x0000000084e00000, 0x0000000084f00000|  0%| F|  |TAMS 0x0000000084e00000, 0x0000000084e00000| Untracked 
|  55|0x0000000084f00000, 0x0000000084f00000, 0x0000000085000000|  0%| F|  |TAMS 0x0000000084f00000, 0x0000000084f00000| Untracked 
|  56|0x0000000085000000, 0x0000000085000000, 0x0000000085100000|  0%| F|  |TAMS 0x0000000085000000, 0x0000000085000000| Untracked 
|  57|0x0000000085100000, 0x0000000085100000, 0x0000000085200000|  0%| F|  |TAMS 0x0000000085100000, 0x0000000085100000| Untracked 
|  58|0x0000000085200000, 0x0000000085200000, 0x0000000085300000|  0%| F|  |TAMS 0x0000000085200000, 0x0000000085200000| Untracked 
|  59|0x0000000085300000, 0x0000000085300000, 0x0000000085400000|  0%| F|  |TAMS 0x0000000085300000, 0x0000000085300000| Untracked 
|  60|0x0000000085400000, 0x0000000085400000, 0x0000000085500000|  0%| F|  |TAMS 0x0000000085400000, 0x0000000085400000| Untracked 
|  61|0x0000000085500000, 0x0000000085500000, 0x0000000085600000|  0%| F|  |TAMS 0x0000000085500000, 0x0000000085500000| Untracked 
|  62|0x0000000085600000, 0x0000000085600000, 0x0000000085700000|  0%| F|  |TAMS 0x0000000085600000, 0x0000000085600000| Untracked 
|  63|0x0000000085700000, 0x0000000085700000, 0x0000000085800000|  0%| F|  |TAMS 0x0000000085700000, 0x0000000085700000| Untracked 
|  64|0x0000000085800000, 0x0000000085800000, 0x0000000085900000|  0%| F|  |TAMS 0x0000000085800000, 0x0000000085800000| Untracked 
|  65|0x0000000085900000, 0x0000000085900000, 0x0000000085a00000|  0%| F|  |TAMS 0x0000000085900000, 0x0000000085900000| Untracked 
|  66|0x0000000085a00000, 0x0000000085a00000, 0x0000000085b00000|  0%| F|  |TAMS 0x0000000085a00000, 0x0000000085a00000| Untracked 
|  67|0x0000000085b00000, 0x0000000085b00000, 0x0000000085c00000|  0%| F|  |TAMS 0x0000000085b00000, 0x0000000085b00000| Untracked 
|  68|0x0000000085c00000, 0x0000000085c00000, 0x0000000085d00000|  0%| F|  |TAMS 0x0000000085c00000, 0x0000000085c00000| Untracked 
|  69|0x0000000085d00000, 0x0000000085d00000, 0x0000000085e00000|  0%| F|  |TAMS 0x0000000085d00000, 0x0000000085d00000| Untracked 
|  70|0x0000000085e00000, 0x0000000085e00000, 0x0000000085f00000|  0%| F|  |TAMS 0x0000000085e00000, 0x0000000085e00000| Untracked 
|  71|0x0000000085f00000, 0x0000000085f00000, 0x0000000086000000|  0%| F|  |TAMS 0x0000000085f00000, 0x0000000085f00000| Untracked 
|  72|0x0000000086000000, 0x0000000086000000, 0x0000000086100000|  0%| F|  |TAMS 0x0000000086000000, 0x0000000086000000| Untracked 
|  73|0x0000000086100000, 0x0000000086100000, 0x0000000086200000|  0%| F|  |TAMS 0x0000000086100000, 0x0000000086100000| Untracked 
|  74|0x0000000086200000, 0x0000000086200000, 0x0000000086300000|  0%| F|  |TAMS 0x0000000086200000, 0x0000000086200000| Untracked 
|  75|0x0000000086300000, 0x0000000086300000, 0x0000000086400000|  0%| F|  |TAMS 0x0000000086300000, 0x0000000086300000| Untracked 
|  76|0x0000000086400000, 0x0000000086400000, 0x0000000086500000|  0%| F|  |TAMS 0x0000000086400000, 0x0000000086400000| Untracked 
|  77|0x0000000086500000, 0x0000000086500000, 0x0000000086600000|  0%| F|  |TAMS 0x0000000086500000, 0x0000000086500000| Untracked 
|  78|0x0000000086600000, 0x0000000086600000, 0x0000000086700000|  0%| F|  |TAMS 0x0000000086600000, 0x0000000086600000| Untracked 
|  79|0x0000000086700000, 0x0000000086700000, 0x0000000086800000|  0%| F|  |TAMS 0x0000000086700000, 0x0000000086700000| Untracked 
|  80|0x0000000086800000, 0x0000000086800000, 0x0000000086900000|  0%| F|  |TAMS 0x0000000086800000, 0x0000000086800000| Untracked 
|  81|0x0000000086900000, 0x0000000086900000, 0x0000000086a00000|  0%| F|  |TAMS 0x0000000086900000, 0x0000000086900000| Untracked 
|  82|0x0000000086a00000, 0x0000000086a00000, 0x0000000086b00000|  0%| F|  |TAMS 0x0000000086a00000, 0x0000000086a00000| Untracked 
|  83|0x0000000086b00000, 0x0000000086b00000, 0x0000000086c00000|  0%| F|  |TAMS 0x0000000086b00000, 0x0000000086b00000| Untracked 
|  84|0x0000000086c00000, 0x0000000086c00000, 0x0000000086d00000|  0%| F|  |TAMS 0x0000000086c00000, 0x0000000086c00000| Untracked 
|  85|0x0000000086d00000, 0x0000000086d00000, 0x0000000086e00000|  0%| F|  |TAMS 0x0000000086d00000, 0x0000000086d00000| Untracked 
|  86|0x0000000086e00000, 0x0000000086e00000, 0x0000000086f00000|  0%| F|  |TAMS 0x0000000086e00000, 0x0000000086e00000| Untracked 
|  87|0x0000000086f00000, 0x0000000086f00000, 0x0000000087000000|  0%| F|  |TAMS 0x0000000086f00000, 0x0000000086f00000| Untracked 
|  88|0x0000000087000000, 0x0000000087000000, 0x0000000087100000|  0%| F|  |TAMS 0x0000000087000000, 0x0000000087000000| Untracked 
|  89|0x0000000087100000, 0x000000008715ed40, 0x0000000087200000| 37%| S|CS|TAMS 0x0000000087100000, 0x0000000087100000| Complete 
|  90|0x0000000087200000, 0x0000000087300000, 0x0000000087300000|100%| S|CS|TAMS 0x0000000087200000, 0x0000000087200000| Complete 
|  91|0x0000000087300000, 0x0000000087400000, 0x0000000087400000|100%| S|CS|TAMS 0x0000000087300000, 0x0000000087300000| Complete 
|  92|0x0000000087400000, 0x0000000087500000, 0x0000000087500000|100%| S|CS|TAMS 0x0000000087400000, 0x0000000087400000| Complete 
|  93|0x0000000087500000, 0x0000000087500000, 0x0000000087600000|  0%| F|  |TAMS 0x0000000087500000, 0x0000000087500000| Untracked 
|  94|0x0000000087600000, 0x0000000087600000, 0x0000000087700000|  0%| F|  |TAMS 0x0000000087600000, 0x0000000087600000| Untracked 
|  95|0x0000000087700000, 0x0000000087700000, 0x0000000087800000|  0%| F|  |TAMS 0x0000000087700000, 0x0000000087700000| Untracked 
|  96|0x0000000087800000, 0x0000000087861c98, 0x0000000087900000| 38%| E|  |TAMS 0x0000000087800000, 0x0000000087800000| Complete 
|  97|0x0000000087900000, 0x0000000087a00000, 0x0000000087a00000|100%| E|CS|TAMS 0x0000000087900000, 0x0000000087900000| Complete 
|  98|0x0000000087a00000, 0x0000000087b00000, 0x0000000087b00000|100%| E|CS|TAMS 0x0000000087a00000, 0x0000000087a00000| Complete 
|  99|0x0000000087b00000, 0x0000000087c00000, 0x0000000087c00000|100%| E|CS|TAMS 0x0000000087b00000, 0x0000000087b00000| Complete 
| 100|0x0000000087c00000, 0x0000000087d00000, 0x0000000087d00000|100%| E|CS|TAMS 0x0000000087c00000, 0x0000000087c00000| Complete 
| 101|0x0000000087d00000, 0x0000000087e00000, 0x0000000087e00000|100%| E|CS|TAMS 0x0000000087d00000, 0x0000000087d00000| Complete 
| 102|0x0000000087e00000, 0x0000000087f00000, 0x0000000087f00000|100%| E|CS|TAMS 0x0000000087e00000, 0x0000000087e00000| Complete 
| 103|0x0000000087f00000, 0x0000000088000000, 0x0000000088000000|100%| E|CS|TAMS 0x0000000087f00000, 0x0000000087f00000| Complete 
| 104|0x0000000088000000, 0x0000000088100000, 0x0000000088100000|100%| E|CS|TAMS 0x0000000088000000, 0x0000000088000000| Complete 
| 105|0x0000000088100000, 0x0000000088200000, 0x0000000088200000|100%| E|CS|TAMS 0x0000000088100000, 0x0000000088100000| Complete 
| 106|0x0000000088200000, 0x0000000088300000, 0x0000000088300000|100%| E|CS|TAMS 0x0000000088200000, 0x0000000088200000| Complete 
| 107|0x0000000088300000, 0x0000000088400000, 0x0000000088400000|100%| E|CS|TAMS 0x0000000088300000, 0x0000000088300000| Complete 
| 108|0x0000000088400000, 0x0000000088500000, 0x0000000088500000|100%| E|CS|TAMS 0x0000000088400000, 0x0000000088400000| Complete 
| 109|0x0000000088500000, 0x0000000088600000, 0x0000000088600000|100%| E|CS|TAMS 0x0000000088500000, 0x0000000088500000| Complete 
| 110|0x0000000088600000, 0x0000000088700000, 0x0000000088700000|100%| E|CS|TAMS 0x0000000088600000, 0x0000000088600000| Complete 
| 111|0x0000000088700000, 0x0000000088800000, 0x0000000088800000|100%| E|CS|TAMS 0x0000000088700000, 0x0000000088700000| Complete 
| 112|0x0000000088800000, 0x0000000088900000, 0x0000000088900000|100%| E|CS|TAMS 0x0000000088800000, 0x0000000088800000| Complete 
| 113|0x0000000088900000, 0x0000000088a00000, 0x0000000088a00000|100%| E|CS|TAMS 0x0000000088900000, 0x0000000088900000| Complete 
| 114|0x0000000088a00000, 0x0000000088b00000, 0x0000000088b00000|100%| E|CS|TAMS 0x0000000088a00000, 0x0000000088a00000| Complete 
| 115|0x0000000088b00000, 0x0000000088c00000, 0x0000000088c00000|100%| E|CS|TAMS 0x0000000088b00000, 0x0000000088b00000| Complete 
| 116|0x0000000088c00000, 0x0000000088d00000, 0x0000000088d00000|100%| E|CS|TAMS 0x0000000088c00000, 0x0000000088c00000| Complete 
| 117|0x0000000088d00000, 0x0000000088e00000, 0x0000000088e00000|100%| E|  |TAMS 0x0000000088d00000, 0x0000000088d00000| Complete 
| 118|0x0000000088e00000, 0x0000000088f00000, 0x0000000088f00000|100%| E|CS|TAMS 0x0000000088e00000, 0x0000000088e00000| Complete 
| 119|0x0000000088f00000, 0x0000000089000000, 0x0000000089000000|100%| E|CS|TAMS 0x0000000088f00000, 0x0000000088f00000| Complete 
| 120|0x0000000089000000, 0x0000000089100000, 0x0000000089100000|100%| E|CS|TAMS 0x0000000089000000, 0x0000000089000000| Complete 
| 121|0x0000000089100000, 0x0000000089200000, 0x0000000089200000|100%| E|CS|TAMS 0x0000000089100000, 0x0000000089100000| Complete 
| 122|0x0000000089200000, 0x0000000089300000, 0x0000000089300000|100%| E|CS|TAMS 0x0000000089200000, 0x0000000089200000| Complete 
| 123|0x0000000089300000, 0x0000000089400000, 0x0000000089400000|100%| E|CS|TAMS 0x0000000089300000, 0x0000000089300000| Complete 
| 124|0x0000000089400000, 0x0000000089500000, 0x0000000089500000|100%| E|CS|TAMS 0x0000000089400000, 0x0000000089400000| Complete 
| 125|0x0000000089500000, 0x0000000089600000, 0x0000000089600000|100%| E|CS|TAMS 0x0000000089500000, 0x0000000089500000| Complete 
| 126|0x0000000089600000, 0x0000000089700000, 0x0000000089700000|100%| E|CS|TAMS 0x0000000089600000, 0x0000000089600000| Complete 
| 127|0x0000000089700000, 0x0000000089800000, 0x0000000089800000|100%| E|CS|TAMS 0x0000000089700000, 0x0000000089700000| Complete 

Card table byte_map: [0x000001a39cfe0000,0x000001a39d3e0000] _byte_map_base: 0x000001a39cbd4000

Marking Bits (Prev, Next): (CMBitMap*) 0x000001a3855378e8, (CMBitMap*) 0x000001a385537920
 Prev Bits: [0x000001a39d7e0000, 0x000001a39f780000)
 Next Bits: [0x000001a39f780000, 0x000001a3a1720000)

Polling page: 0x000001a383450000

Metaspace:

Usage:
  Non-class:     10.99 MB capacity,    10.90 MB (>99%) used,    66.36 KB ( <1%) free+waste,    20.75 KB ( <1%) overhead. 
      Class:      1.30 MB capacity,     1.21 MB ( 93%) used,    83.61 KB (  6%) free+waste,    10.00 KB ( <1%) overhead. 
       Both:     12.29 MB capacity,    12.11 MB ( 99%) used,   149.97 KB (  1%) free+waste,    30.75 KB ( <1%) overhead. 

Virtual space:
  Non-class space:       12.00 MB reserved,      11.00 MB ( 92%) committed 
      Class space:        1.00 GB reserved,       1.38 MB ( <1%) committed 
             Both:        1.01 GB reserved,      12.38 MB (  1%) committed 

Chunk freelists:
   Non-Class:  12.00 KB
       Class:  16.00 KB
        Both:  28.00 KB

MaxMetaspaceSize: 17179869184.00 GB
CompressedClassSpaceSize: 1.00 GB

CodeHeap 'non-profiled nmethods': size=120064Kb used=375Kb max_used=379Kb free=119689Kb
 bounds [0x000001a3956a0000, 0x000001a395910000, 0x000001a39cbe0000]
CodeHeap 'profiled nmethods': size=120000Kb used=1912Kb max_used=1942Kb free=118087Kb
 bounds [0x000001a38e170000, 0x000001a38e3e0000, 0x000001a3956a0000]
CodeHeap 'non-nmethods': size=5696Kb used=1079Kb max_used=1103Kb free=4616Kb
 bounds [0x000001a38dbe0000, 0x000001a38de50000, 0x000001a38e170000]
 total_blobs=1381 nmethods=997 adapters=296
 compilation: enabled
              stopped_count=0, restarted_count=0
 full_count=0

Compilation events (20 events):
Event: 1.935 Thread 0x000001a3a3c40800 nmethod 1073 0x000001a38e17b910 code [0x000001a38e17bac0, 0x000001a38e17bc58]
Event: 1.936 Thread 0x000001a3a3c40800 1074       3       java.lang.invoke.LambdaForm$Name::replaceNames (174 bytes)
Event: 1.937 Thread 0x000001a3a3c40800 nmethod 1074 0x000001a38e18b890 code [0x000001a38e18bae0, 0x000001a38e18c658]
Event: 1.938 Thread 0x000001a3a3c40800 1075       3       java.lang.invoke.LambdaForm$Name::isParam (13 bytes)
Event: 1.938 Thread 0x000001a3a3c40800 nmethod 1075 0x000001a38e17b590 code [0x000001a38e17b740, 0x000001a38e17b898]
Event: 1.938 Thread 0x000001a3a3c40800 1076       3       java.lang.invoke.LambdaForm$Name::lastUseIndex (36 bytes)
Event: 1.938 Thread 0x000001a3a3c40800 nmethod 1076 0x000001a38e17d690 code [0x000001a38e17d860, 0x000001a38e17daf8]
Event: 1.938 Thread 0x000001a3a3c40800 1077       3       jdk.internal.org.objectweb.asm.ClassWriter::addType (39 bytes)
Event: 1.939 Thread 0x000001a3a3c40800 nmethod 1077 0x000001a38e185990 code [0x000001a38e185b60, 0x000001a38e185d68]
Event: 1.939 Thread 0x000001a3a3c40800 1078       3       java.lang.invoke.InvokerBytecodeGenerator::emitImplicitConversion (159 bytes)
Event: 1.941 Thread 0x000001a3a3c40800 nmethod 1078 0x000001a38e1c7110 code [0x000001a38e1c7460, 0x000001a38e1c8498]
Event: 1.941 Thread 0x000001a3a3c40800 1079   !   3       java.lang.invoke.MemberName::getFieldType (177 bytes)
Event: 1.943 Thread 0x000001a3a3c40800 nmethod 1079 0x000001a38e206890 code [0x000001a38e206be0, 0x000001a38e2082d8]
Event: 1.943 Thread 0x000001a3a3c40800 1080       3       jdk.internal.org.objectweb.asm.Frame::type (416 bytes)
Event: 1.947 Thread 0x000001a3a3c40800 nmethod 1080 0x000001a38e203990 code [0x000001a38e203da0, 0x000001a38e205db8]
Event: 1.947 Thread 0x000001a3a3c40800 1082       3       java.lang.invoke.InvokerBytecodeGenerator::emitPushArgument (120 bytes)
Event: 1.949 Thread 0x000001a3a3c40800 nmethod 1082 0x000001a38e1a7290 code [0x000001a38e1a7560, 0x000001a38e1a8308]
Event: 1.949 Thread 0x000001a3a3c40800 1083       3       java.lang.invoke.InvokerBytecodeGenerator::emitLoadInsn (21 bytes)
Event: 1.949 Thread 0x000001a3a3c40800 nmethod 1083 0x000001a38e18b310 code [0x000001a38e18b4e0, 0x000001a38e18b718]
Event: 1.949 Thread 0x000001a3a3c40800 1084       3       java.lang.invoke.InvokerBytecodeGenerator::loadInsnOpcode (86 bytes)

GC Heap History (4 events):
Event: 0.919 GC heap before
{Heap before GC invocations=0 (full 0):
 garbage-first heap   total 131072K, used 15360K [0x0000000081800000, 0x0000000100000000)
  region size 1024K, 14 young (14336K), 0 survivors (0K)
 Metaspace       used 7392K, capacity 7463K, committed 7680K, reserved 1056768K
  class space    used 650K, capacity 657K, committed 768K, reserved 1048576K
}
Event: 0.925 GC heap after
{Heap after GC invocations=1 (full 0):
 garbage-first heap   total 131072K, used 5996K [0x0000000081800000, 0x0000000100000000)
  region size 1024K, 2 young (2048K), 2 survivors (2048K)
 Metaspace       used 7392K, capacity 7463K, committed 7680K, reserved 1056768K
  class space    used 650K, capacity 657K, committed 768K, reserved 1048576K
}
Event: 1.561 GC heap before
{Heap before GC invocations=1 (full 0):
 garbage-first heap   total 131072K, used 38764K [0x0000000081800000, 0x0000000100000000)
  region size 1024K, 35 young (35840K), 2 survivors (2048K)
 Metaspace       used 11099K, capacity 11269K, committed 11392K, reserved 1058816K
  class space    used 1070K, capacity 1142K, committed 1152K, reserved 1048576K
}
Event: 1.567 GC heap after
{Heap after GC invocations=2 (full 0):
 garbage-first heap   total 131072K, used 7399K [0x0000000081800000, 0x0000000100000000)
  region size 1024K, 4 young (4096K), 4 survivors (4096K)
 Metaspace       used 11099K, capacity 11269K, committed 11392K, reserved 1058816K
  class space    used 1070K, capacity 1142K, committed 1152K, reserved 1048576K
}

Deoptimization events (20 events):
Event: 1.659 Thread 0x000001a3854fa800 DEOPT PACKING pc=0x000001a38e31f0e2 sp=0x0000008a7a8fe870
Event: 1.659 Thread 0x000001a3854fa800 DEOPT UNPACKING pc=0x000001a38dc072ce sp=0x0000008a7a8fdd00 mode 0
Event: 1.659 Thread 0x000001a3854fa800 DEOPT PACKING pc=0x000001a38e31f0e2 sp=0x0000008a7a8fe700
Event: 1.659 Thread 0x000001a3854fa800 DEOPT UNPACKING pc=0x000001a38dc072ce sp=0x0000008a7a8fdb90 mode 0
Event: 1.712 Thread 0x000001a3a5436000 Uncommon trap: trap_request=0xffffff4d fr.pc=0x000001a3956f46a0 relative=0x0000000000000160
Event: 1.712 Thread 0x000001a3a5436000 Uncommon trap: reason=unstable_if action=reinterpret pc=0x000001a3956f46a0 method=java.lang.ThreadLocal.get()Ljava/lang/Object; @ 11 c2
Event: 1.712 Thread 0x000001a3a5436000 DEOPT PACKING pc=0x000001a3956f46a0 sp=0x0000008a7bdfac40
Event: 1.712 Thread 0x000001a3a5436000 DEOPT UNPACKING pc=0x000001a38dc074af sp=0x0000008a7bdfac00 mode 2
Event: 1.712 Thread 0x000001a3a5436000 Uncommon trap: trap_request=0xffffffde fr.pc=0x000001a3956d51e8 relative=0x0000000000001228
Event: 1.712 Thread 0x000001a3a5436000 Uncommon trap: reason=class_check action=maybe_recompile pc=0x000001a3956d51e8 method=jdk.internal.loader.URLClassPath.getLoader(I)Ljdk/internal/loader/URLClassPath$Loader; @ 88 c2
Event: 1.712 Thread 0x000001a3a5436000 DEOPT PACKING pc=0x000001a3956d51e8 sp=0x0000008a7bdfc9e0
Event: 1.712 Thread 0x000001a3a5436000 DEOPT UNPACKING pc=0x000001a38dc074af sp=0x0000008a7bdfc9e0 mode 2
Event: 1.781 Thread 0x000001a3a5436000 DEOPT PACKING pc=0x000001a38e1ebb30 sp=0x0000008a7bdfb7b0
Event: 1.781 Thread 0x000001a3a5436000 DEOPT UNPACKING pc=0x000001a38dc072ce sp=0x0000008a7bdfacc8 mode 0
Event: 1.884 Thread 0x000001a3a5436000 Uncommon trap: trap_request=0xffffffde fr.pc=0x000001a3956f5790 relative=0x0000000000000250
Event: 1.884 Thread 0x000001a3a5436000 Uncommon trap: reason=class_check action=maybe_recompile pc=0x000001a3956f5790 method=java.nio.charset.Charset.lookup(Ljava/lang/String;)Ljava/nio/charset/Charset; @ 35 c2
Event: 1.884 Thread 0x000001a3a5436000 DEOPT PACKING pc=0x000001a3956f5790 sp=0x0000008a7bdf9ad0
Event: 1.884 Thread 0x000001a3a5436000 DEOPT UNPACKING pc=0x000001a38dc074af sp=0x0000008a7bdf9a70 mode 2
Event: 1.894 Thread 0x000001a3a5436000 DEOPT PACKING pc=0x000001a38e17cde8 sp=0x0000008a7bdfa600
Event: 1.894 Thread 0x000001a3a5436000 DEOPT UNPACKING pc=0x000001a38dc072ce sp=0x0000008a7bdf9b08 mode 0

Classes redefined (0 events):
No events

Internal exceptions (9 events):
Event: 0.833 Thread 0x000001a3854fa800 Exception <a 'java/lang/ClassNotFoundException'{0x0000000088a18f48}: javax/smartcardio/CardPermission> (0x0000000088a18f48) thrown at [./src/hotspot/share/classfile/systemDictionary.cpp, line 231]
Event: 0.838 Thread 0x000001a3854fa800 Exception <a 'java/io/FileNotFoundException'{0x0000000088a27908}> (0x0000000088a27908) thrown at [./src/hotspot/share/prims/jni.cpp, line 615]
Event: 1.180 Thread 0x000001a3854fa800 Exception <a 'java/lang/NoSuchMethodError'{0x0000000089363f90}: 'java.lang.Object java.lang.invoke.DirectMethodHandle$Holder.invokeSpecialIFC(java.lang.Object, java.lang.Object, java.lang.Object, java.lang.Object)'> (0x0000000089363f90) thrown at [./src/hotspot/share/interpreter/linkResolver.cpp, line 773]
Event: 1.235 Thread 0x000001a3854fa800 Exception <a 'java/lang/NoSuchMethodError'{0x000000008927ed40}: 'int java.lang.invoke.DirectMethodHandle$Holder.invokeStaticInit(java.lang.Object, java.lang.Object)'> (0x000000008927ed40) thrown at [./src/hotspot/share/interpreter/linkResolver.cpp, line 773]
Event: 1.370 Thread 0x000001a3854fa800 Exception <a 'java/lang/NoSuchMethodError'{0x0000000088ffe1b8}: 'int java.lang.invoke.DirectMethodHandle$Holder.invokeStaticInit(java.lang.Object, java.lang.Object, java.lang.Object)'> (0x0000000088ffe1b8) thrown at [./src/hotspot/share/interpreter/linkResolver.cpp, line 773]
Event: 1.397 Thread 0x000001a3854fa800 Exception <a 'java/lang/NoSuchMethodError'{0x0000000088e3d1f8}: 'java.lang.Object java.lang.invoke.DirectMethodHandle$Holder.invokeVirtual(java.lang.Object, java.lang.Object, java.lang.Object)'> (0x0000000088e3d1f8) thrown at [./src/hotspot/share/interpreter/linkResolver.cpp, line 773]
Event: 1.410 Thread 0x000001a3854fa800 Exception <a 'java/lang/NoSuchMethodError'{0x0000000088e96f38}: 'void java.lang.invoke.DirectMethodHandle$Holder.invokeSpecial(java.lang.Object, java.lang.Object)'> (0x0000000088e96f38) thrown at [./src/hotspot/share/interpreter/linkResolver.cpp, line 773]
Event: 1.499 Thread 0x000001a3854fa800 Exception <a 'java/lang/NoSuchMethodError'{0x0000000088b0cfe8}: 'java.lang.Object java.lang.invoke.DirectMethodHandle$Holder.invokeStaticInit(java.lang.Object, java.lang.Object, java.lang.Object)'> (0x0000000088b0cfe8) thrown at [./src/hotspot/share/interpreter/linkResolver.cpp, line 773]
Event: 1.712 Thread 0x000001a3a5436000 Implicit null exception at 0x000001a3956f457c to 0x000001a3956f468c

Events (20 events):
Event: 1.927 Thread 0x000001a3a3c43800 flushing nmethod 0x000001a38e1c9590
Event: 1.927 Thread 0x000001a3a3c43800 flushing nmethod 0x000001a38e1cc490
Event: 1.927 Thread 0x000001a3a3c43800 flushing nmethod 0x000001a38e1cd090
Event: 1.928 Thread 0x000001a3a3c43800 flushing nmethod 0x000001a38e1cfb90
Event: 1.928 Thread 0x000001a3a3c43800 flushing nmethod 0x000001a38e1d2490
Event: 1.928 Thread 0x000001a3a3c43800 flushing nmethod 0x000001a38e1da090
Event: 1.928 Thread 0x000001a3a3c43800 flushing nmethod 0x000001a38e1dfa10
Event: 1.928 Thread 0x000001a3a3c43800 flushing nmethod 0x000001a38e1ef810
Event: 1.928 Thread 0x000001a3a3c43800 flushing nmethod 0x000001a38e202490
Event: 1.928 Thread 0x000001a3a3c43800 flushing nmethod 0x000001a38e249b10
Event: 1.928 Thread 0x000001a3a3c43800 flushing nmethod 0x000001a38e25ca10
Event: 1.928 Thread 0x000001a3a3c43800 flushing nmethod 0x000001a38e261e90
Event: 1.928 Thread 0x000001a3a3c43800 flushing nmethod 0x000001a38e262210
Event: 1.928 Thread 0x000001a3a3c43800 flushing nmethod 0x000001a38e264310
Event: 1.928 Thread 0x000001a3a3c43800 flushing nmethod 0x000001a38e282790
Event: 1.928 Thread 0x000001a3a3c43800 flushing nmethod 0x000001a38e284890
Event: 1.928 Thread 0x000001a3a3c43800 flushing nmethod 0x000001a38e285310
Event: 1.928 Thread 0x000001a3a3c43800 flushing nmethod 0x000001a38e2fba10
Event: 1.928 Thread 0x000001a3a3c43800 flushing nmethod 0x000001a38e302610
Event: 1.928 Thread 0x000001a3a3c43800 flushing nmethod 0x000001a38e31e710


Dynamic libraries:
0x00007ff6a7b50000 - 0x00007ff6a7b5d000 	C:\Program Files\Amazon Corretto\jdk11.0.9_12\bin\java.exe
0x00007ffb187d0000 - 0x00007ffb189c6000 	C:\WINDOWS\SYSTEM32\ntdll.dll
0x00007ffb16830000 - 0x00007ffb168ed000 	C:\WINDOWS\System32\KERNEL32.DLL
0x00007ffb16560000 - 0x00007ffb16829000 	C:\WINDOWS\System32\KERNELBASE.dll
0x00007ffb15fa0000 - 0x00007ffb160a0000 	C:\WINDOWS\System32\ucrtbase.dll
0x00007ffaef350000 - 0x00007ffaef365000 	C:\Program Files\Amazon Corretto\jdk11.0.9_12\bin\VCRUNTIME140.dll
0x00007ffae0d30000 - 0x00007ffae0d47000 	C:\Program Files\Amazon Corretto\jdk11.0.9_12\bin\jli.dll
0x00007ffb182b0000 - 0x00007ffb18450000 	C:\WINDOWS\System32\USER32.dll
0x00007ffb15f70000 - 0x00007ffb15f92000 	C:\WINDOWS\System32\win32u.dll
0x00007ffb174a0000 - 0x00007ffb174ca000 	C:\WINDOWS\System32\GDI32.dll
0x00007ffafa610000 - 0x00007ffafa8ab000 	C:\WINDOWS\WinSxS\amd64_microsoft.windows.common-controls_6595b64144ccf1df_6.0.19041.746_none_ca02b4b61b8320a4\COMCTL32.dll
0x00007ffb16230000 - 0x00007ffb1633b000 	C:\WINDOWS\System32\gdi32full.dll
0x00007ffb170f0000 - 0x00007ffb1718e000 	C:\WINDOWS\System32\msvcrt.dll
0x00007ffb16340000 - 0x00007ffb163dd000 	C:\WINDOWS\System32\msvcp_win.dll
0x00007ffb175a0000 - 0x00007ffb175d0000 	C:\WINDOWS\System32\IMM32.DLL
0x00007ffae2bb0000 - 0x00007ffae2c4b000 	C:\Program Files\Amazon Corretto\jdk11.0.9_12\bin\msvcp140.dll
0x00007ffac15b0000 - 0x00007ffac20f4000 	C:\Program Files\Amazon Corretto\jdk11.0.9_12\bin\server\jvm.dll
0x00007ffb18510000 - 0x00007ffb185bc000 	C:\WINDOWS\System32\ADVAPI32.dll
0x00007ffb175d0000 - 0x00007ffb1766c000 	C:\WINDOWS\System32\sechost.dll
0x00007ffb16fc0000 - 0x00007ffb170eb000 	C:\WINDOWS\System32\RPCRT4.dll
0x00007ffb17480000 - 0x00007ffb17488000 	C:\WINDOWS\System32\PSAPI.DLL
0x00007ffb05330000 - 0x00007ffb05339000 	C:\WINDOWS\SYSTEM32\WSOCK32.dll
0x00007ffb17530000 - 0x00007ffb1759b000 	C:\WINDOWS\System32\WS2_32.dll
0x00007ffb08260000 - 0x00007ffb08287000 	C:\WINDOWS\SYSTEM32\WINMM.dll
0x00007ffb0bae0000 - 0x00007ffb0baea000 	C:\WINDOWS\SYSTEM32\VERSION.dll
0x00007ffb147f0000 - 0x00007ffb14802000 	C:\WINDOWS\SYSTEM32\kernel.appcore.dll
0x00007ffb08b20000 - 0x00007ffb08b30000 	C:\Program Files\Amazon Corretto\jdk11.0.9_12\bin\verify.dll
0x00007ffb145b0000 - 0x00007ffb14794000 	C:\WINDOWS\SYSTEM32\DBGHELP.DLL
0x00007ffaf2610000 - 0x00007ffaf263c000 	C:\WINDOWS\SYSTEM32\dbgcore.DLL
0x00007ffb164e0000 - 0x00007ffb16560000 	C:\WINDOWS\System32\bcryptPrimitives.dll
0x00007ffae2c50000 - 0x00007ffae2c78000 	C:\Program Files\Amazon Corretto\jdk11.0.9_12\bin\java.dll
0x00007ffb05b30000 - 0x00007ffb05b3a000 	C:\Program Files\Amazon Corretto\jdk11.0.9_12\bin\jimage.dll
0x00007ffaed0a0000 - 0x00007ffaed0b7000 	C:\Program Files\Amazon Corretto\jdk11.0.9_12\bin\zip.dll
0x00007ffb17670000 - 0x00007ffb17db2000 	C:\WINDOWS\System32\SHELL32.dll
0x00007ffb13d60000 - 0x00007ffb144f0000 	C:\WINDOWS\SYSTEM32\windows.storage.dll
0x00007ffb168f0000 - 0x00007ffb16c46000 	C:\WINDOWS\System32\combase.dll
0x00007ffb15970000 - 0x00007ffb1599c000 	C:\WINDOWS\SYSTEM32\Wldp.dll
0x00007ffb186e0000 - 0x00007ffb1878e000 	C:\WINDOWS\System32\SHCORE.dll
0x00007ffb174d0000 - 0x00007ffb17525000 	C:\WINDOWS\System32\shlwapi.dll
0x00007ffb15e40000 - 0x00007ffb15e66000 	C:\WINDOWS\SYSTEM32\profapi.dll
0x00007ffaec7d0000 - 0x00007ffaec7e9000 	C:\Program Files\Amazon Corretto\jdk11.0.9_12\bin\net.dll
0x00007ffb0b270000 - 0x00007ffb0b370000 	C:\WINDOWS\SYSTEM32\WINHTTP.dll
0x00007ffb156f0000 - 0x00007ffb1575a000 	C:\WINDOWS\system32\mswsock.dll
0x00007ffae8060000 - 0x00007ffae8072000 	C:\Program Files\Amazon Corretto\jdk11.0.9_12\bin\nio.dll
0x00007ffb06c20000 - 0x00007ffb06c29000 	C:\Program Files\Amazon Corretto\jdk11.0.9_12\bin\management.dll
0x00007ffb04ee0000 - 0x00007ffb04eeb000 	C:\Program Files\Amazon Corretto\jdk11.0.9_12\bin\management_ext.dll

dbghelp: loaded successfully - version: 4.0.5 - missing functions: none
symbol engine: initialized successfully - sym options: 0x614 - pdb path: .;C:\Program Files\Amazon Corretto\jdk11.0.9_12\bin;C:\WINDOWS\SYSTEM32;C:\WINDOWS\WinSxS\amd64_microsoft.windows.common-controls_6595b64144ccf1df_6.0.19041.746_none_ca02b4b61b8320a4;C:\Program Files\Amazon Corretto\jdk11.0.9_12\bin\server

VM Arguments:
java_command: com.PhanLam.backend.BackEndApplication
java_class_path (initial): D:\Capstone\Source code\Language Center System\language-center-system\back-end\target\classes;C:\Users\This MC\.m2\repository\org\springframework\boot\spring-boot-starter-data-jpa\2.4.2\spring-boot-starter-data-jpa-2.4.2.jar;C:\Users\This MC\.m2\repository\org\springframework\boot\spring-boot-starter-aop\2.4.2\spring-boot-starter-aop-2.4.2.jar;C:\Users\This MC\.m2\repository\org\aspectj\aspectjweaver\1.9.6\aspectjweaver-1.9.6.jar;C:\Users\This MC\.m2\repository\org\springframework\boot\spring-boot-starter-jdbc\2.4.2\spring-boot-starter-jdbc-2.4.2.jar;C:\Users\This MC\.m2\repository\com\zaxxer\HikariCP\3.4.5\HikariCP-3.4.5.jar;C:\Users\This MC\.m2\repository\org\springframework\spring-jdbc\5.3.3\spring-jdbc-5.3.3.jar;C:\Users\This MC\.m2\repository\jakarta\transaction\jakarta.transaction-api\1.3.3\jakarta.transaction-api-1.3.3.jar;C:\Users\This MC\.m2\repository\jakarta\persistence\jakarta.persistence-api\2.2.3\jakarta.persistence-api-2.2.3.jar;C:\Users\This MC\.m2\repository\org\hibernate\hibernate-core\5.4.27.Final\hibernate-core-5.4.27.Final.jar;C:\Users\This MC\.m2\repository\org\jboss\logging\jboss-logging\3.4.1.Final\jboss-logging-3.4.1.Final.jar;C:\Users\This MC\.m2\repository\org\javassist\javassist\3.27.0-GA\javassist-3.27.0-GA.jar;C:\Users\This MC\.m2\repository\net\bytebuddy\byte-buddy\1.10.19\byte-buddy-1.10.19.jar;C:\Users\This MC\.m2\repository\antlr\antlr\2.7.7\antlr-2.7.7.jar;C:\Users\This MC\.m2\repository\org\jboss\jandex\2.1.3.Final\jandex-2.1.3.Final.jar;C:\Users\This MC\.m2\repository\com\fasterxml\classmate\1.5.1\classmate-1.5.1.jar;C:\Users\This MC\.m2\repository\org\dom4j\dom4j\2.1.3\dom4j-2.1.3.jar;C:\Users\This MC\.m2\repository\org\hibernate\common\hibernate-commons-annotations\5.1.2.Final\hibernate-commons-annotations-5.1.2.Final.jar;C:\Users\This MC\.m2\repository\org\glassfish\jaxb\jaxb-runtime\2.3.3\jaxb-runtime-2.3.3.jar;C:\Users\This MC\.m2\repository\org\glassfish\jaxb\txw2\2.3.3\txw2-2.3.3.jar;C:\Users\T
Launcher Type: SUN_STANDARD

[Global flags]
     intx CICompilerCount                          = 3                                         {product} {ergonomic}
     uint ConcGCThreads                            = 1                                         {product} {ergonomic}
     uint G1ConcRefinementThreads                  = 4                                         {product} {ergonomic}
   size_t G1HeapRegionSize                         = 1048576                                   {product} {ergonomic}
    uintx GCDrainStackTargetSize                   = 64                                        {product} {ergonomic}
   size_t InitialHeapSize                          = 134217728                                 {product} {ergonomic}
   size_t MarkStackSize                            = 4194304                                   {product} {ergonomic}
   size_t MaxHeapSize                              = 2122317824                                {product} {ergonomic}
   size_t MaxNewSize                               = 1272971264                                {product} {ergonomic}
   size_t MinHeapDeltaBytes                        = 1048576                                   {product} {ergonomic}
    uintx NonNMethodCodeHeapSize                   = 5830732                                {pd product} {ergonomic}
    uintx NonProfiledCodeHeapSize                  = 122913754                              {pd product} {ergonomic}
    uintx ProfiledCodeHeapSize                     = 122913754                              {pd product} {ergonomic}
    uintx ReservedCodeCacheSize                    = 251658240                              {pd product} {ergonomic}
     bool SegmentedCodeCache                       = true                                      {product} {ergonomic}
     bool UseCompressedClassPointers               = true                                 {lp64_product} {ergonomic}
     bool UseCompressedOops                        = true                                 {lp64_product} {ergonomic}
     bool UseG1GC                                  = true                                      {product} {ergonomic}
     bool UseLargePagesIndividualAllocation        = false                                  {pd product} {ergonomic}

Logging:
Log output configuration:
 #0: stdout all=warning uptime,level,tags
 #1: stderr all=off uptime,level,tags

Environment Variables:
JAVA_HOME=C:\Program Files\Amazon Corretto\jdk11.0.9_12
PATH=C:\Program Files\Microsoft MPI\Bin\;C:\Program Files\Amazon Corretto\jdk11.0.9_12\bin;C:\Program Files (x86)\Common Files\Oracle\Java\javapath;C:\WINDOWS\system32;C:\WINDOWS;C:\WINDOWS\System32\Wbem;C:\WINDOWS\System32\WindowsPowerShell\v1.0\;C:\WINDOWS\System32\OpenSSH\;C:\Program Files\RedHat\java-14-openjdk-14.0.2-1\bin;C:\Program Files\nodejs\;C:\Program Files (x86)\Microsoft SQL Server\150\Tools\Binn\;C:\Program Files\Microsoft SQL Server\150\Tools\Binn\;C:\Program Files (x86)\Microsoft SQL Server\150\DTS\Binn\;C:\Program Files\Microsoft SQL Server\150\DTS\Binn\;C:\Program Files\Microsoft SQL Server\Client SDK\ODBC\170\Tools\Binn\;C:\Program Files\Azure Data Studio\bin;C:\Program Files\Git\cmd;C:\Users\This MC\AppData\Local\Microsoft\WindowsApps;C:\Users\This MC\AppData\Local\Programs\Microsoft VS Code\bin;C:\Users\This MC\AppData\Roaming\npm;C:\Program Files\Azure Data Studio\bin
USERNAME=This MC
OS=Windows_NT
PROCESSOR_IDENTIFIER=Intel64 Family 6 Model 69 Stepping 1, GenuineIntel



---------------  S Y S T E M  ---------------

OS: Windows 10 , 64 bit Build 19041 (10.0.19041.804)
OS uptime: 8 days 12:22 hours

CPU:total 4 (initial active 4) (2 cores per cpu, 2 threads per core) family 6 model 69 stepping 1, cmov, cx8, fxsr, mmx, sse, sse2, sse3, ssse3, sse4.1, sse4.2, popcnt, avx, avx2, aes, clmul, erms, lzcnt, ht, tsc, tscinvbit, bmi1, bmi2, fma

Memory: 4k page, system-wide physical 8089M (619M free)
TotalPageFile size 10649M (AvailPageFile size 5M)
current process WorkingSet (physical memory assigned to process): 102M, peak: 102M
current process commit charge ("private bytes"): 224M, peak: 225M

vm_info: OpenJDK 64-Bit Server VM (11.0.9.1+12-LTS) for windows-amd64 JRE (11.0.9.1+12-LTS), built on Nov  4 2020 10:17:53 by "Administrator" with MS VC++ 15.9 (VS2017)

END.
