#
# There is insufficient memory for the Java Runtime Environment to continue.
# Native memory allocation (mmap) failed to map 134217728 bytes for Failed to commit area from 0x0000000081800000 to 0x0000000089800000 of length 134217728.
# Possible reasons:
#   The system is out of physical RAM or swap space
#   The process is running with CompressedOops enabled, and the Java Heap may be blocking the growth of the native heap
# Possible solutions:
#   Reduce memory load on the system
#   Increase physical memory or swap space
#   Check if swap backing store is full
#   Decrease Java heap size (-Xmx/-Xms)
#   Decrease number of Java threads
#   Decrease Java thread stack sizes (-Xss)
#   Set larger code cache with -XX:ReservedCodeCacheSize=
# This output file may be truncated or incomplete.
#
#  Out of Memory Error (./src/hotspot/os/windows/os_windows.cpp:3303), pid=9392, tid=6112
#
# JRE version:  (11.0.9.1+12) (build )
# Java VM: OpenJDK 64-Bit Server VM (11.0.9.1+12-LTS, mixed mode, sharing, tiered, compressed oops, g1 gc, windows-amd64)
# No core dump will be written. Minidumps are not enabled by default on client versions of Windows
#

---------------  S U M M A R Y ------------

Command Line: com.PhanLam.backend.BackEndApplication

Host: Intel(R) Core(TM) i5-4300U CPU @ 1.90GHz, 4 cores, 7G,  Windows 10 , 64 bit Build 19041 (10.0.19041.804)
Time: Fri Mar  5 15:57:54 2021 SE Asia Standard Time elapsed time: 0.018795 seconds (0d 0h 0m 0s)

---------------  T H R E A D  ---------------

Current thread (0x000001bf112c7000):  JavaThread "Unknown thread" [_thread_in_vm, id=6112, stack(0x0000009936f00000,0x0000009937000000)]

Stack: [0x0000009936f00000,0x0000009937000000]
Native frames: (J=compiled Java code, j=interpreted, Vv=VM code, C=native code)
V  [jvm.dll+0x5f504a]
V  [jvm.dll+0x77d3ee]
V  [jvm.dll+0x77eabf]
V  [jvm.dll+0x77f183]
V  [jvm.dll+0x247668]
V  [jvm.dll+0x5f22aa]
V  [jvm.dll+0x5e6ef5]
V  [jvm.dll+0x2fc8bc]
V  [jvm.dll+0x2fc742]
V  [jvm.dll+0x3013f6]
V  [jvm.dll+0x345c6f]
V  [jvm.dll+0x3456a0]
V  [jvm.dll+0x2d9b18]
V  [jvm.dll+0x2dac66]
V  [jvm.dll+0x758db7]
V  [jvm.dll+0x75a53f]
V  [jvm.dll+0x352a69]
V  [jvm.dll+0x73c040]
V  [jvm.dll+0x3ba28f]
V  [jvm.dll+0x3bc731]
C  [jli.dll+0x5207]
C  [ucrtbase.dll+0x21bb2]
C  [KERNEL32.DLL+0x17034]
C  [ntdll.dll+0x4d241]


---------------  P R O C E S S  ---------------

Threads class SMR info:
_java_thread_list=0x000001bf0f1cbb40, length=0, elements={
}

Java Threads: ( => current thread )

Other Threads:
  0x000001bf112e0000 GCTaskThread "GC Thread#0" [stack: 0x0000009937000000,0x0000009937100000] [id=2064]
  0x000001bf11311000 ConcurrentGCThread "G1 Main Marker" [stack: 0x0000009937100000,0x0000009937200000] [id=14620]
  0x000001bf11312800 ConcurrentGCThread "G1 Conc#0" [stack: 0x0000009937200000,0x0000009937300000] [id=2208]

[error occurred during error reporting (printing all threads), id 0xc0000005, EXCEPTION_ACCESS_VIOLATION (0xc0000005) at pc=0x00007ffeb08e9197]

VM state:not at safepoint (not fully initialized)

VM Mutex/Monitor currently owned by a thread:  ([mutex/lock_event])
[0x000001bf112c3b30] Heap_lock - owner thread: 0x000001bf112c7000

Heap address: 0x0000000081800000, size: 2024 MB, Compressed Oops mode: Non-zero based: 0x0000000081800000
Narrow klass base: 0x0000000000000000, Narrow klass shift: 0

GC Heap History (0 events):
No events

Deoptimization events (0 events):
No events

Classes redefined (0 events):
No events

Internal exceptions (0 events):
No events

Events (1 events):
Event: 0.010 Loaded shared library C:\Program Files\Amazon Corretto\jdk11.0.9_12\bin\zip.dll


Dynamic libraries:
0x00007ff6a1350000 - 0x00007ff6a135d000 	C:\Program Files\Amazon Corretto\jdk11.0.9_12\bin\java.exe
0x00007fff03af0000 - 0x00007fff03ce6000 	C:\WINDOWS\SYSTEM32\ntdll.dll
0x00007fff03960000 - 0x00007fff03a1d000 	C:\WINDOWS\System32\KERNEL32.DLL
0x00007fff01770000 - 0x00007fff01a39000 	C:\WINDOWS\System32\KERNELBASE.dll
0x00007fff014e0000 - 0x00007fff015e0000 	C:\WINDOWS\System32\ucrtbase.dll
0x00007ffef86a0000 - 0x00007ffef86b5000 	C:\Program Files\Amazon Corretto\jdk11.0.9_12\bin\VCRUNTIME140.dll
0x00007ffefbcc0000 - 0x00007ffefbcd7000 	C:\Program Files\Amazon Corretto\jdk11.0.9_12\bin\jli.dll
0x00007fff022c0000 - 0x00007fff02460000 	C:\WINDOWS\System32\USER32.dll
0x00007fff015e0000 - 0x00007fff01602000 	C:\WINDOWS\System32\win32u.dll
0x00007ffee5a20000 - 0x00007ffee5cbb000 	C:\WINDOWS\WinSxS\amd64_microsoft.windows.common-controls_6595b64144ccf1df_6.0.19041.746_none_ca02b4b61b8320a4\COMCTL32.dll
0x00007fff026d0000 - 0x00007fff026fa000 	C:\WINDOWS\System32\GDI32.dll
0x00007fff01a40000 - 0x00007fff01b4b000 	C:\WINDOWS\System32\gdi32full.dll
0x00007fff03630000 - 0x00007fff036ce000 	C:\WINDOWS\System32\msvcrt.dll
0x00007fff01340000 - 0x00007fff013dd000 	C:\WINDOWS\System32\msvcp_win.dll
0x00007fff02690000 - 0x00007fff026c0000 	C:\WINDOWS\System32\IMM32.DLL
0x00007ffed49a0000 - 0x00007ffed4a3b000 	C:\Program Files\Amazon Corretto\jdk11.0.9_12\bin\msvcp140.dll
0x00007ffeb0600000 - 0x00007ffeb1144000 	C:\Program Files\Amazon Corretto\jdk11.0.9_12\bin\server\jvm.dll
0x00007fff02700000 - 0x00007fff027ac000 	C:\WINDOWS\System32\ADVAPI32.dll
0x00007fff025e0000 - 0x00007fff0267c000 	C:\WINDOWS\System32\sechost.dll
0x00007fff02190000 - 0x00007fff022bb000 	C:\WINDOWS\System32\RPCRT4.dll
0x00007fff03a20000 - 0x00007fff03a28000 	C:\WINDOWS\System32\PSAPI.DLL
0x00007ffeeecd0000 - 0x00007ffeeecd9000 	C:\WINDOWS\SYSTEM32\WSOCK32.dll
0x00007ffef22d0000 - 0x00007ffef22f7000 	C:\WINDOWS\SYSTEM32\WINMM.dll
0x00007fff02570000 - 0x00007fff025db000 	C:\WINDOWS\System32\WS2_32.dll
0x00007ffef6d90000 - 0x00007ffef6d9a000 	C:\WINDOWS\SYSTEM32\VERSION.dll
0x00007ffeffb30000 - 0x00007ffeffb42000 	C:\WINDOWS\SYSTEM32\kernel.appcore.dll
0x00007ffefbcb0000 - 0x00007ffefbcc0000 	C:\Program Files\Amazon Corretto\jdk11.0.9_12\bin\verify.dll
0x00007ffeff8e0000 - 0x00007ffeffac4000 	C:\WINDOWS\SYSTEM32\DBGHELP.DLL
0x00007ffef6720000 - 0x00007ffef674c000 	C:\WINDOWS\SYSTEM32\dbgcore.DLL
0x00007fff01260000 - 0x00007fff012e0000 	C:\WINDOWS\System32\bcryptPrimitives.dll
0x00007ffef27b0000 - 0x00007ffef27d8000 	C:\Program Files\Amazon Corretto\jdk11.0.9_12\bin\java.dll
0x00007ffefa730000 - 0x00007ffefa73a000 	C:\Program Files\Amazon Corretto\jdk11.0.9_12\bin\jimage.dll
0x00007ffef8680000 - 0x00007ffef8697000 	C:\Program Files\Amazon Corretto\jdk11.0.9_12\bin\zip.dll

dbghelp: loaded successfully - version: 4.0.5 - missing functions: none
symbol engine: initialized successfully - sym options: 0x614 - pdb path: .;C:\Program Files\Amazon Corretto\jdk11.0.9_12\bin;C:\WINDOWS\SYSTEM32;C:\WINDOWS\WinSxS\amd64_microsoft.windows.common-controls_6595b64144ccf1df_6.0.19041.746_none_ca02b4b61b8320a4;C:\Program Files\Amazon Corretto\jdk11.0.9_12\bin\server

VM Arguments:
java_command: com.PhanLam.backend.BackEndApplication
java_class_path (initial): D:\Capstone\Source code\Language Center System\language-center-system\back-end\target\classes;C:\Users\This MC\.m2\repository\org\springframework\boot\spring-boot-starter-data-jpa\2.4.2\spring-boot-starter-data-jpa-2.4.2.jar;C:\Users\This MC\.m2\repository\org\springframework\boot\spring-boot-starter-aop\2.4.2\spring-boot-starter-aop-2.4.2.jar;C:\Users\This MC\.m2\repository\org\aspectj\aspectjweaver\1.9.6\aspectjweaver-1.9.6.jar;C:\Users\This MC\.m2\repository\org\springframework\boot\spring-boot-starter-jdbc\2.4.2\spring-boot-starter-jdbc-2.4.2.jar;C:\Users\This MC\.m2\repository\com\zaxxer\HikariCP\3.4.5\HikariCP-3.4.5.jar;C:\Users\This MC\.m2\repository\org\springframework\spring-jdbc\5.3.3\spring-jdbc-5.3.3.jar;C:\Users\This MC\.m2\repository\jakarta\transaction\jakarta.transaction-api\1.3.3\jakarta.transaction-api-1.3.3.jar;C:\Users\This MC\.m2\repository\jakarta\persistence\jakarta.persistence-api\2.2.3\jakarta.persistence-api-2.2.3.jar;C:\Users\This MC\.m2\repository\org\hibernate\hibernate-core\5.4.27.Final\hibernate-core-5.4.27.Final.jar;C:\Users\This MC\.m2\repository\org\jboss\logging\jboss-logging\3.4.1.Final\jboss-logging-3.4.1.Final.jar;C:\Users\This MC\.m2\repository\org\javassist\javassist\3.27.0-GA\javassist-3.27.0-GA.jar;C:\Users\This MC\.m2\repository\net\bytebuddy\byte-buddy\1.10.19\byte-buddy-1.10.19.jar;C:\Users\This MC\.m2\repository\antlr\antlr\2.7.7\antlr-2.7.7.jar;C:\Users\This MC\.m2\repository\org\jboss\jandex\2.1.3.Final\jandex-2.1.3.Final.jar;C:\Users\This MC\.m2\repository\com\fasterxml\classmate\1.5.1\classmate-1.5.1.jar;C:\Users\This MC\.m2\repository\org\dom4j\dom4j\2.1.3\dom4j-2.1.3.jar;C:\Users\This MC\.m2\repository\org\hibernate\common\hibernate-commons-annotations\5.1.2.Final\hibernate-commons-annotations-5.1.2.Final.jar;C:\Users\This MC\.m2\repository\org\glassfish\jaxb\jaxb-runtime\2.3.3\jaxb-runtime-2.3.3.jar;C:\Users\This MC\.m2\repository\org\glassfish\jaxb\txw2\2.3.3\txw2-2.3.3.jar;C:\Users\T
Launcher Type: SUN_STANDARD

[Global flags]
     intx CICompilerCount                          = 3                                         {product} {ergonomic}
     uint ConcGCThreads                            = 1                                         {product} {ergonomic}
     uint G1ConcRefinementThreads                  = 4                                         {product} {ergonomic}
   size_t G1HeapRegionSize                         = 1048576                                   {product} {ergonomic}
    uintx GCDrainStackTargetSize                   = 64                                        {product} {ergonomic}
   size_t InitialHeapSize                          = 134217728                                 {product} {ergonomic}
   size_t MarkStackSize                            = 4194304                                   {product} {ergonomic}
   size_t MaxHeapSize                              = 2122317824                                {product} {ergonomic}
   size_t MinHeapDeltaBytes                        = 1048576                                   {product} {ergonomic}
    uintx NonNMethodCodeHeapSize                   = 5830732                                {pd product} {ergonomic}
    uintx NonProfiledCodeHeapSize                  = 122913754                              {pd product} {ergonomic}
    uintx ProfiledCodeHeapSize                     = 122913754                              {pd product} {ergonomic}
    uintx ReservedCodeCacheSize                    = 251658240                              {pd product} {ergonomic}
     bool SegmentedCodeCache                       = true                                      {product} {ergonomic}
     bool UseCompressedClassPointers               = true                                 {lp64_product} {ergonomic}
     bool UseCompressedOops                        = true                                 {lp64_product} {ergonomic}
     bool UseG1GC                                  = true                                      {product} {ergonomic}
     bool UseLargePagesIndividualAllocation        = false                                  {pd product} {ergonomic}

Logging:
Log output configuration:
 #0: stdout all=warning uptime,level,tags
 #1: stderr all=off uptime,level,tags

Environment Variables:
JAVA_HOME=C:\Program Files\Amazon Corretto\jdk11.0.9_12
PATH=C:\Program Files\Microsoft MPI\Bin\;C:\Program Files\Amazon Corretto\jdk11.0.9_12\bin;C:\Program Files (x86)\Common Files\Oracle\Java\javapath;C:\WINDOWS\system32;C:\WINDOWS;C:\WINDOWS\System32\Wbem;C:\WINDOWS\System32\WindowsPowerShell\v1.0\;C:\WINDOWS\System32\OpenSSH\;C:\Program Files\RedHat\java-14-openjdk-14.0.2-1\bin;C:\Program Files\nodejs\;C:\Program Files (x86)\Microsoft SQL Server\150\Tools\Binn\;C:\Program Files\Microsoft SQL Server\150\Tools\Binn\;C:\Program Files (x86)\Microsoft SQL Server\150\DTS\Binn\;C:\Program Files\Microsoft SQL Server\150\DTS\Binn\;C:\Program Files\Microsoft SQL Server\Client SDK\ODBC\170\Tools\Binn\;C:\Program Files\Azure Data Studio\bin;C:\Program Files\Git\cmd;C:\Users\This MC\AppData\Local\Microsoft\WindowsApps;C:\Users\This MC\AppData\Local\Programs\Microsoft VS Code\bin;C:\Users\This MC\AppData\Roaming\npm;C:\Program Files\Azure Data Studio\bin
USERNAME=This MC
OS=Windows_NT
PROCESSOR_IDENTIFIER=Intel64 Family 6 Model 69 Stepping 1, GenuineIntel



---------------  S Y S T E M  ---------------

OS: Windows 10 , 64 bit Build 19041 (10.0.19041.804)
OS uptime: 2 days 19:27 hours

CPU:total 4 (initial active 4) (2 cores per cpu, 2 threads per core) family 6 model 69 stepping 1, cmov, cx8, fxsr, mmx, sse, sse2, sse3, ssse3, sse4.1, sse4.2, popcnt, avx, avx2, aes, clmul, erms, lzcnt, ht, tsc, tscinvbit, bmi1, bmi2, fma

Memory: 4k page, system-wide physical 8089M (778M free)
TotalPageFile size 10649M (AvailPageFile size 104M)
current process WorkingSet (physical memory assigned to process): 9M, peak: 9M
current process commit charge ("private bytes"): 51M, peak: 179M

vm_info: OpenJDK 64-Bit Server VM (11.0.9.1+12-LTS) for windows-amd64 JRE (11.0.9.1+12-LTS), built on Nov  4 2020 10:17:53 by "Administrator" with MS VC++ 15.9 (VS2017)

END.
