#
# There is insufficient memory for the Java Runtime Environment to continue.
# Native memory allocation (malloc) failed to allocate 32744 bytes for ChunkPool::allocate
# Possible reasons:
#   The system is out of physical RAM or swap space
#   The process is running with CompressedOops enabled, and the Java Heap may be blocking the growth of the native heap
# Possible solutions:
#   Reduce memory load on the system
#   Increase physical memory or swap space
#   Check if swap backing store is full
#   Decrease Java heap size (-Xmx/-Xms)
#   Decrease number of Java threads
#   Decrease Java thread stack sizes (-Xss)
#   Set larger code cache with -XX:ReservedCodeCacheSize=
#   JVM is running with Unscaled Compressed Oops mode in which the Java heap is
#     placed in the first 4GB address space. The Java Heap base address is the
#     maximum limit for the native heap growth. Please use -XX:HeapBaseMinAddress
#     to set the Java Heap base and to place the Java Heap above 4GB virtual address.
# This output file may be truncated or incomplete.
#
#  Out of Memory Error (./src/hotspot/share/memory/arena.cpp:81), pid=18116, tid=17652
#
# JRE version: OpenJDK Runtime Environment Corretto-11.0.9.12.1 (11.0.9.1+12) (build 11.0.9.1+12-LTS)
# Java VM: OpenJDK 64-Bit Server VM Corretto-11.0.9.12.1 (11.0.9.1+12-LTS, mixed mode, tiered, compressed oops, g1 gc, windows-amd64)
# No core dump will be written. Minidumps are not enabled by default on client versions of Windows
#

---------------  S U M M A R Y ------------

Command Line: com.PhanLam.backend.BackEndApplication

Host: Intel(R) Core(TM) i5-4300U CPU @ 1.90GHz, 4 cores, 7G,  Windows 10 , 64 bit Build 19041 (10.0.19041.804)
Time: Thu Feb 25 11:06:16 2021 SE Asia Standard Time elapsed time: 1.003518 seconds (0d 0h 0m 1s)

---------------  T H R E A D  ---------------

Current thread (0x000001df7bdd6800):  JavaThread "C1 CompilerThread0" daemon [_thread_in_native, id=17652, stack(0x0000001c2ea00000,0x0000001c2eb00000)]


Current CompileTask:
C1:   1003  520       3       java.net.URLStreamHandler::parseURL (1201 bytes)

Stack: [0x0000001c2ea00000,0x0000001c2eb00000]
Native frames: (J=compiled Java code, j=interpreted, Vv=VM code, C=native code)
V  [jvm.dll+0x5f504a]
V  [jvm.dll+0x77d3ee]
V  [jvm.dll+0x77eabf]
V  [jvm.dll+0x77f183]
V  [jvm.dll+0x247668]
V  [jvm.dll+0xbe65b]
V  [jvm.dll+0xbe9bc]
V  [jvm.dll+0x1659e2]
V  [jvm.dll+0x154301]
V  [jvm.dll+0x15177e]
V  [jvm.dll+0x13dc60]
V  [jvm.dll+0x1258e9]
V  [jvm.dll+0x1251ef]
V  [jvm.dll+0x12541f]
V  [jvm.dll+0x1246c7]
V  [jvm.dll+0x1265d7]
V  [jvm.dll+0x20f697]
V  [jvm.dll+0x20d87b]
V  [jvm.dll+0x741ca9]
V  [jvm.dll+0x73ad54]
V  [jvm.dll+0x5f3f76]
C  [ucrtbase.dll+0x21bb2]
C  [KERNEL32.DLL+0x17034]
C  [ntdll.dll+0x4d241]


---------------  P R O C E S S  ---------------

Threads class SMR info:
_java_thread_list=0x000001df7c86f4e0, length=10, elements={
0x000001df5d69b800, 0x000001df7bdb0000, 0x000001df7bdba800, 0x000001df7bdcd000,
0x000001df7bdcf000, 0x000001df7bdd2000, 0x000001df7bdd6800, 0x000001df7bddd000,
0x000001df7c87c000, 0x000001df7c87e000
}

Java Threads: ( => current thread )
  0x000001df5d69b800 JavaThread "main" [_thread_in_Java, id=2544, stack(0x0000001c2de00000,0x0000001c2df00000)]
  0x000001df7bdb0000 JavaThread "Reference Handler" daemon [_thread_blocked, id=6576, stack(0x0000001c2e500000,0x0000001c2e600000)]
  0x000001df7bdba800 JavaThread "Finalizer" daemon [_thread_blocked, id=10628, stack(0x0000001c2e600000,0x0000001c2e700000)]
  0x000001df7bdcd000 JavaThread "Signal Dispatcher" daemon [_thread_blocked, id=17604, stack(0x0000001c2e700000,0x0000001c2e800000)]
  0x000001df7bdcf000 JavaThread "Attach Listener" daemon [_thread_blocked, id=9980, stack(0x0000001c2e800000,0x0000001c2e900000)]
  0x000001df7bdd2000 JavaThread "C2 CompilerThread0" daemon [_thread_in_native, id=7332, stack(0x0000001c2e900000,0x0000001c2ea00000)]
=>0x000001df7bdd6800 JavaThread "C1 CompilerThread0" daemon [_thread_in_native, id=17652, stack(0x0000001c2ea00000,0x0000001c2eb00000)]
  0x000001df7bddd000 JavaThread "Sweeper thread" daemon [_thread_blocked, id=3748, stack(0x0000001c2eb00000,0x0000001c2ec00000)]
  0x000001df7c87c000 JavaThread "Service Thread" daemon [_thread_blocked, id=3548, stack(0x0000001c2ec00000,0x0000001c2ed00000)]
  0x000001df7c87e000 JavaThread "Common-Cleaner" daemon [_thread_blocked, id=7180, stack(0x0000001c2ee00000,0x0000001c2ef00000)]

Other Threads:
  0x000001df7bd8b000 VMThread "VM Thread" [stack: 0x0000001c2e400000,0x0000001c2e500000] [id=11952]
  0x000001df7c87d800 WatcherThread [stack: 0x0000001c2ed00000,0x0000001c2ee00000] [id=14716]
  0x000001df5d6b0000 GCTaskThread "GC Thread#0" [stack: 0x0000001c2df00000,0x0000001c2e000000] [id=11748]
  0x000001df7ce7e000 GCTaskThread "GC Thread#1" [stack: 0x0000001c2ef00000,0x0000001c2f000000] [id=8012]
  0x000001df7c884000 GCTaskThread "GC Thread#2" [stack: 0x0000001c2f000000,0x0000001c2f100000] [id=13920]
  0x000001df5d6e1000 ConcurrentGCThread "G1 Main Marker" [stack: 0x0000001c2e000000,0x0000001c2e100000] [id=15212]
  0x000001df5d6e2000 ConcurrentGCThread "G1 Conc#0" [stack: 0x0000001c2e100000,0x0000001c2e200000] [id=14724]
  0x000001df5d762800 ConcurrentGCThread "G1 Refine#0" [stack: 0x0000001c2e200000,0x0000001c2e300000] [id=460]
  0x000001df7bc00800 ConcurrentGCThread "G1 Young RemSet Sampling" [stack: 0x0000001c2e300000,0x0000001c2e400000] [id=15192]

Threads with active compile tasks:
C2 CompilerThread0   1031  529   !   4       java.util.jar.JarFile::isMultiRelease (33 bytes)
C1 CompilerThread0   1031  520       3       java.net.URLStreamHandler::parseURL (1201 bytes)

VM state:not at safepoint (normal execution)

VM Mutex/Monitor currently owned by a thread: None

Heap address: 0x0000000081800000, size: 2024 MB, Compressed Oops mode: 32-bit
Narrow klass base: 0x0000000000000000, Narrow klass shift: 3
Compressed class space size: 1073741824 Address: 0x0000000100000000

Heap:
 garbage-first heap   total 131072K, used 6748K [0x0000000081800000, 0x0000000100000000)
  region size 1024K, 4 young (4096K), 2 survivors (2048K)
 Metaspace       used 8353K, capacity 8513K, committed 8832K, reserved 1056768K
  class space    used 737K, capacity 794K, committed 896K, reserved 1048576K
Heap Regions: E=young(eden), S=young(survivor), O=old, HS=humongous(starts), HC=humongous(continues), CS=collection set, F=free, A=archive, TAMS=top-at-mark-start (previous, next)
|   0|0x0000000081800000, 0x0000000081900000, 0x0000000081900000|100%|HS|  |TAMS 0x0000000081800000, 0x0000000081800000| Complete 
|   1|0x0000000081900000, 0x0000000081900000, 0x0000000081a00000|  0%| F|  |TAMS 0x0000000081900000, 0x0000000081900000| Untracked 
|   2|0x0000000081a00000, 0x0000000081b00000, 0x0000000081b00000|100%| O|  |TAMS 0x0000000081a00000, 0x0000000081a00000| Untracked 
|   3|0x0000000081b00000, 0x0000000081c00000, 0x0000000081c00000|100%| O|  |TAMS 0x0000000081b00000, 0x0000000081b00000| Untracked 
|   4|0x0000000081c00000, 0x0000000081c97200, 0x0000000081d00000| 59%| O|  |TAMS 0x0000000081c00000, 0x0000000081c00000| Untracked 
|   5|0x0000000081d00000, 0x0000000081d00000, 0x0000000081e00000|  0%| F|  |TAMS 0x0000000081d00000, 0x0000000081d00000| Untracked 
|   6|0x0000000081e00000, 0x0000000081e00000, 0x0000000081f00000|  0%| F|  |TAMS 0x0000000081e00000, 0x0000000081e00000| Untracked 
|   7|0x0000000081f00000, 0x0000000081f00000, 0x0000000082000000|  0%| F|  |TAMS 0x0000000081f00000, 0x0000000081f00000| Untracked 
|   8|0x0000000082000000, 0x0000000082000000, 0x0000000082100000|  0%| F|  |TAMS 0x0000000082000000, 0x0000000082000000| Untracked 
|   9|0x0000000082100000, 0x0000000082100000, 0x0000000082200000|  0%| F|  |TAMS 0x0000000082100000, 0x0000000082100000| Untracked 
|  10|0x0000000082200000, 0x0000000082200000, 0x0000000082300000|  0%| F|  |TAMS 0x0000000082200000, 0x0000000082200000| Untracked 
|  11|0x0000000082300000, 0x0000000082300000, 0x0000000082400000|  0%| F|  |TAMS 0x0000000082300000, 0x0000000082300000| Untracked 
|  12|0x0000000082400000, 0x0000000082400000, 0x0000000082500000|  0%| F|  |TAMS 0x0000000082400000, 0x0000000082400000| Untracked 
|  13|0x0000000082500000, 0x0000000082500000, 0x0000000082600000|  0%| F|  |TAMS 0x0000000082500000, 0x0000000082500000| Untracked 
|  14|0x0000000082600000, 0x0000000082600000, 0x0000000082700000|  0%| F|  |TAMS 0x0000000082600000, 0x0000000082600000| Untracked 
|  15|0x0000000082700000, 0x0000000082700000, 0x0000000082800000|  0%| F|  |TAMS 0x0000000082700000, 0x0000000082700000| Untracked 
|  16|0x0000000082800000, 0x0000000082800000, 0x0000000082900000|  0%| F|  |TAMS 0x0000000082800000, 0x0000000082800000| Untracked 
|  17|0x0000000082900000, 0x0000000082900000, 0x0000000082a00000|  0%| F|  |TAMS 0x0000000082900000, 0x0000000082900000| Untracked 
|  18|0x0000000082a00000, 0x0000000082a00000, 0x0000000082b00000|  0%| F|  |TAMS 0x0000000082a00000, 0x0000000082a00000| Untracked 
|  19|0x0000000082b00000, 0x0000000082b00000, 0x0000000082c00000|  0%| F|  |TAMS 0x0000000082b00000, 0x0000000082b00000| Untracked 
|  20|0x0000000082c00000, 0x0000000082c00000, 0x0000000082d00000|  0%| F|  |TAMS 0x0000000082c00000, 0x0000000082c00000| Untracked 
|  21|0x0000000082d00000, 0x0000000082d00000, 0x0000000082e00000|  0%| F|  |TAMS 0x0000000082d00000, 0x0000000082d00000| Untracked 
|  22|0x0000000082e00000, 0x0000000082e00000, 0x0000000082f00000|  0%| F|  |TAMS 0x0000000082e00000, 0x0000000082e00000| Untracked 
|  23|0x0000000082f00000, 0x0000000082f00000, 0x0000000083000000|  0%| F|  |TAMS 0x0000000082f00000, 0x0000000082f00000| Untracked 
|  24|0x0000000083000000, 0x0000000083000000, 0x0000000083100000|  0%| F|  |TAMS 0x0000000083000000, 0x0000000083000000| Untracked 
|  25|0x0000000083100000, 0x0000000083100000, 0x0000000083200000|  0%| F|  |TAMS 0x0000000083100000, 0x0000000083100000| Untracked 
|  26|0x0000000083200000, 0x0000000083200000, 0x0000000083300000|  0%| F|  |TAMS 0x0000000083200000, 0x0000000083200000| Untracked 
|  27|0x0000000083300000, 0x0000000083300000, 0x0000000083400000|  0%| F|  |TAMS 0x0000000083300000, 0x0000000083300000| Untracked 
|  28|0x0000000083400000, 0x0000000083400000, 0x0000000083500000|  0%| F|  |TAMS 0x0000000083400000, 0x0000000083400000| Untracked 
|  29|0x0000000083500000, 0x0000000083500000, 0x0000000083600000|  0%| F|  |TAMS 0x0000000083500000, 0x0000000083500000| Untracked 
|  30|0x0000000083600000, 0x0000000083600000, 0x0000000083700000|  0%| F|  |TAMS 0x0000000083600000, 0x0000000083600000| Untracked 
|  31|0x0000000083700000, 0x0000000083700000, 0x0000000083800000|  0%| F|  |TAMS 0x0000000083700000, 0x0000000083700000| Untracked 
|  32|0x0000000083800000, 0x0000000083800000, 0x0000000083900000|  0%| F|  |TAMS 0x0000000083800000, 0x0000000083800000| Untracked 
|  33|0x0000000083900000, 0x0000000083900000, 0x0000000083a00000|  0%| F|  |TAMS 0x0000000083900000, 0x0000000083900000| Untracked 
|  34|0x0000000083a00000, 0x0000000083a00000, 0x0000000083b00000|  0%| F|  |TAMS 0x0000000083a00000, 0x0000000083a00000| Untracked 
|  35|0x0000000083b00000, 0x0000000083b00000, 0x0000000083c00000|  0%| F|  |TAMS 0x0000000083b00000, 0x0000000083b00000| Untracked 
|  36|0x0000000083c00000, 0x0000000083c00000, 0x0000000083d00000|  0%| F|  |TAMS 0x0000000083c00000, 0x0000000083c00000| Untracked 
|  37|0x0000000083d00000, 0x0000000083d00000, 0x0000000083e00000|  0%| F|  |TAMS 0x0000000083d00000, 0x0000000083d00000| Untracked 
|  38|0x0000000083e00000, 0x0000000083e00000, 0x0000000083f00000|  0%| F|  |TAMS 0x0000000083e00000, 0x0000000083e00000| Untracked 
|  39|0x0000000083f00000, 0x0000000083f00000, 0x0000000084000000|  0%| F|  |TAMS 0x0000000083f00000, 0x0000000083f00000| Untracked 
|  40|0x0000000084000000, 0x0000000084000000, 0x0000000084100000|  0%| F|  |TAMS 0x0000000084000000, 0x0000000084000000| Untracked 
|  41|0x0000000084100000, 0x0000000084100000, 0x0000000084200000|  0%| F|  |TAMS 0x0000000084100000, 0x0000000084100000| Untracked 
|  42|0x0000000084200000, 0x0000000084200000, 0x0000000084300000|  0%| F|  |TAMS 0x0000000084200000, 0x0000000084200000| Untracked 
|  43|0x0000000084300000, 0x0000000084300000, 0x0000000084400000|  0%| F|  |TAMS 0x0000000084300000, 0x0000000084300000| Untracked 
|  44|0x0000000084400000, 0x0000000084400000, 0x0000000084500000|  0%| F|  |TAMS 0x0000000084400000, 0x0000000084400000| Untracked 
|  45|0x0000000084500000, 0x0000000084500000, 0x0000000084600000|  0%| F|  |TAMS 0x0000000084500000, 0x0000000084500000| Untracked 
|  46|0x0000000084600000, 0x0000000084600000, 0x0000000084700000|  0%| F|  |TAMS 0x0000000084600000, 0x0000000084600000| Untracked 
|  47|0x0000000084700000, 0x0000000084700000, 0x0000000084800000|  0%| F|  |TAMS 0x0000000084700000, 0x0000000084700000| Untracked 
|  48|0x0000000084800000, 0x0000000084800000, 0x0000000084900000|  0%| F|  |TAMS 0x0000000084800000, 0x0000000084800000| Untracked 
|  49|0x0000000084900000, 0x0000000084900000, 0x0000000084a00000|  0%| F|  |TAMS 0x0000000084900000, 0x0000000084900000| Untracked 
|  50|0x0000000084a00000, 0x0000000084a00000, 0x0000000084b00000|  0%| F|  |TAMS 0x0000000084a00000, 0x0000000084a00000| Untracked 
|  51|0x0000000084b00000, 0x0000000084b00000, 0x0000000084c00000|  0%| F|  |TAMS 0x0000000084b00000, 0x0000000084b00000| Untracked 
|  52|0x0000000084c00000, 0x0000000084c00000, 0x0000000084d00000|  0%| F|  |TAMS 0x0000000084c00000, 0x0000000084c00000| Untracked 
|  53|0x0000000084d00000, 0x0000000084d00000, 0x0000000084e00000|  0%| F|  |TAMS 0x0000000084d00000, 0x0000000084d00000| Untracked 
|  54|0x0000000084e00000, 0x0000000084e00000, 0x0000000084f00000|  0%| F|  |TAMS 0x0000000084e00000, 0x0000000084e00000| Untracked 
|  55|0x0000000084f00000, 0x0000000084f00000, 0x0000000085000000|  0%| F|  |TAMS 0x0000000084f00000, 0x0000000084f00000| Untracked 
|  56|0x0000000085000000, 0x0000000085000000, 0x0000000085100000|  0%| F|  |TAMS 0x0000000085000000, 0x0000000085000000| Untracked 
|  57|0x0000000085100000, 0x0000000085100000, 0x0000000085200000|  0%| F|  |TAMS 0x0000000085100000, 0x0000000085100000| Untracked 
|  58|0x0000000085200000, 0x0000000085200000, 0x0000000085300000|  0%| F|  |TAMS 0x0000000085200000, 0x0000000085200000| Untracked 
|  59|0x0000000085300000, 0x0000000085300000, 0x0000000085400000|  0%| F|  |TAMS 0x0000000085300000, 0x0000000085300000| Untracked 
|  60|0x0000000085400000, 0x0000000085400000, 0x0000000085500000|  0%| F|  |TAMS 0x0000000085400000, 0x0000000085400000| Untracked 
|  61|0x0000000085500000, 0x0000000085500000, 0x0000000085600000|  0%| F|  |TAMS 0x0000000085500000, 0x0000000085500000| Untracked 
|  62|0x0000000085600000, 0x0000000085600000, 0x0000000085700000|  0%| F|  |TAMS 0x0000000085600000, 0x0000000085600000| Untracked 
|  63|0x0000000085700000, 0x0000000085700000, 0x0000000085800000|  0%| F|  |TAMS 0x0000000085700000, 0x0000000085700000| Untracked 
|  64|0x0000000085800000, 0x0000000085800000, 0x0000000085900000|  0%| F|  |TAMS 0x0000000085800000, 0x0000000085800000| Untracked 
|  65|0x0000000085900000, 0x0000000085900000, 0x0000000085a00000|  0%| F|  |TAMS 0x0000000085900000, 0x0000000085900000| Untracked 
|  66|0x0000000085a00000, 0x0000000085a00000, 0x0000000085b00000|  0%| F|  |TAMS 0x0000000085a00000, 0x0000000085a00000| Untracked 
|  67|0x0000000085b00000, 0x0000000085b00000, 0x0000000085c00000|  0%| F|  |TAMS 0x0000000085b00000, 0x0000000085b00000| Untracked 
|  68|0x0000000085c00000, 0x0000000085c00000, 0x0000000085d00000|  0%| F|  |TAMS 0x0000000085c00000, 0x0000000085c00000| Untracked 
|  69|0x0000000085d00000, 0x0000000085d00000, 0x0000000085e00000|  0%| F|  |TAMS 0x0000000085d00000, 0x0000000085d00000| Untracked 
|  70|0x0000000085e00000, 0x0000000085e00000, 0x0000000085f00000|  0%| F|  |TAMS 0x0000000085e00000, 0x0000000085e00000| Untracked 
|  71|0x0000000085f00000, 0x0000000085f00000, 0x0000000086000000|  0%| F|  |TAMS 0x0000000085f00000, 0x0000000085f00000| Untracked 
|  72|0x0000000086000000, 0x0000000086000000, 0x0000000086100000|  0%| F|  |TAMS 0x0000000086000000, 0x0000000086000000| Untracked 
|  73|0x0000000086100000, 0x0000000086100000, 0x0000000086200000|  0%| F|  |TAMS 0x0000000086100000, 0x0000000086100000| Untracked 
|  74|0x0000000086200000, 0x0000000086200000, 0x0000000086300000|  0%| F|  |TAMS 0x0000000086200000, 0x0000000086200000| Untracked 
|  75|0x0000000086300000, 0x0000000086300000, 0x0000000086400000|  0%| F|  |TAMS 0x0000000086300000, 0x0000000086300000| Untracked 
|  76|0x0000000086400000, 0x0000000086400000, 0x0000000086500000|  0%| F|  |TAMS 0x0000000086400000, 0x0000000086400000| Untracked 
|  77|0x0000000086500000, 0x0000000086500000, 0x0000000086600000|  0%| F|  |TAMS 0x0000000086500000, 0x0000000086500000| Untracked 
|  78|0x0000000086600000, 0x0000000086600000, 0x0000000086700000|  0%| F|  |TAMS 0x0000000086600000, 0x0000000086600000| Untracked 
|  79|0x0000000086700000, 0x0000000086700000, 0x0000000086800000|  0%| F|  |TAMS 0x0000000086700000, 0x0000000086700000| Untracked 
|  80|0x0000000086800000, 0x0000000086800000, 0x0000000086900000|  0%| F|  |TAMS 0x0000000086800000, 0x0000000086800000| Untracked 
|  81|0x0000000086900000, 0x0000000086900000, 0x0000000086a00000|  0%| F|  |TAMS 0x0000000086900000, 0x0000000086900000| Untracked 
|  82|0x0000000086a00000, 0x0000000086a00000, 0x0000000086b00000|  0%| F|  |TAMS 0x0000000086a00000, 0x0000000086a00000| Untracked 
|  83|0x0000000086b00000, 0x0000000086b00000, 0x0000000086c00000|  0%| F|  |TAMS 0x0000000086b00000, 0x0000000086b00000| Untracked 
|  84|0x0000000086c00000, 0x0000000086c00000, 0x0000000086d00000|  0%| F|  |TAMS 0x0000000086c00000, 0x0000000086c00000| Untracked 
|  85|0x0000000086d00000, 0x0000000086d00000, 0x0000000086e00000|  0%| F|  |TAMS 0x0000000086d00000, 0x0000000086d00000| Untracked 
|  86|0x0000000086e00000, 0x0000000086e00000, 0x0000000086f00000|  0%| F|  |TAMS 0x0000000086e00000, 0x0000000086e00000| Untracked 
|  87|0x0000000086f00000, 0x0000000086f00000, 0x0000000087000000|  0%| F|  |TAMS 0x0000000086f00000, 0x0000000086f00000| Untracked 
|  88|0x0000000087000000, 0x0000000087000000, 0x0000000087100000|  0%| F|  |TAMS 0x0000000087000000, 0x0000000087000000| Untracked 
|  89|0x0000000087100000, 0x0000000087100000, 0x0000000087200000|  0%| F|  |TAMS 0x0000000087100000, 0x0000000087100000| Untracked 
|  90|0x0000000087200000, 0x0000000087200000, 0x0000000087300000|  0%| F|  |TAMS 0x0000000087200000, 0x0000000087200000| Untracked 
|  91|0x0000000087300000, 0x0000000087300000, 0x0000000087400000|  0%| F|  |TAMS 0x0000000087300000, 0x0000000087300000| Untracked 
|  92|0x0000000087400000, 0x0000000087400000, 0x0000000087500000|  0%| F|  |TAMS 0x0000000087400000, 0x0000000087400000| Untracked 
|  93|0x0000000087500000, 0x0000000087500000, 0x0000000087600000|  0%| F|  |TAMS 0x0000000087500000, 0x0000000087500000| Untracked 
|  94|0x0000000087600000, 0x0000000087600000, 0x0000000087700000|  0%| F|  |TAMS 0x0000000087600000, 0x0000000087600000| Untracked 
|  95|0x0000000087700000, 0x0000000087700000, 0x0000000087800000|  0%| F|  |TAMS 0x0000000087700000, 0x0000000087700000| Untracked 
|  96|0x0000000087800000, 0x0000000087800000, 0x0000000087900000|  0%| F|  |TAMS 0x0000000087800000, 0x0000000087800000| Untracked 
|  97|0x0000000087900000, 0x0000000087900000, 0x0000000087a00000|  0%| F|  |TAMS 0x0000000087900000, 0x0000000087900000| Untracked 
|  98|0x0000000087a00000, 0x0000000087a00000, 0x0000000087b00000|  0%| F|  |TAMS 0x0000000087a00000, 0x0000000087a00000| Untracked 
|  99|0x0000000087b00000, 0x0000000087b00000, 0x0000000087c00000|  0%| F|  |TAMS 0x0000000087b00000, 0x0000000087b00000| Untracked 
| 100|0x0000000087c00000, 0x0000000087c00000, 0x0000000087d00000|  0%| F|  |TAMS 0x0000000087c00000, 0x0000000087c00000| Untracked 
| 101|0x0000000087d00000, 0x0000000087d00000, 0x0000000087e00000|  0%| F|  |TAMS 0x0000000087d00000, 0x0000000087d00000| Untracked 
| 102|0x0000000087e00000, 0x0000000087e00000, 0x0000000087f00000|  0%| F|  |TAMS 0x0000000087e00000, 0x0000000087e00000| Untracked 
| 103|0x0000000087f00000, 0x0000000087f00000, 0x0000000088000000|  0%| F|  |TAMS 0x0000000087f00000, 0x0000000087f00000| Untracked 
| 104|0x0000000088000000, 0x0000000088000000, 0x0000000088100000|  0%| F|  |TAMS 0x0000000088000000, 0x0000000088000000| Untracked 
| 105|0x0000000088100000, 0x0000000088100000, 0x0000000088200000|  0%| F|  |TAMS 0x0000000088100000, 0x0000000088100000| Untracked 
| 106|0x0000000088200000, 0x0000000088200000, 0x0000000088300000|  0%| F|  |TAMS 0x0000000088200000, 0x0000000088200000| Untracked 
| 107|0x0000000088300000, 0x0000000088300000, 0x0000000088400000|  0%| F|  |TAMS 0x0000000088300000, 0x0000000088300000| Untracked 
| 108|0x0000000088400000, 0x0000000088400000, 0x0000000088500000|  0%| F|  |TAMS 0x0000000088400000, 0x0000000088400000| Untracked 
| 109|0x0000000088500000, 0x0000000088500000, 0x0000000088600000|  0%| F|  |TAMS 0x0000000088500000, 0x0000000088500000| Untracked 
| 110|0x0000000088600000, 0x0000000088600000, 0x0000000088700000|  0%| F|  |TAMS 0x0000000088600000, 0x0000000088600000| Untracked 
| 111|0x0000000088700000, 0x0000000088700000, 0x0000000088800000|  0%| F|  |TAMS 0x0000000088700000, 0x0000000088700000| Untracked 
| 112|0x0000000088800000, 0x0000000088900000, 0x0000000088900000|100%| S|CS|TAMS 0x0000000088800000, 0x0000000088800000| Complete 
| 113|0x0000000088900000, 0x0000000088a00000, 0x0000000088a00000|100%| S|CS|TAMS 0x0000000088900000, 0x0000000088900000| Complete 
| 114|0x0000000088a00000, 0x0000000088a00000, 0x0000000088b00000|  0%| F|  |TAMS 0x0000000088a00000, 0x0000000088a00000| Untracked 
| 115|0x0000000088b00000, 0x0000000088b00000, 0x0000000088c00000|  0%| F|  |TAMS 0x0000000088b00000, 0x0000000088b00000| Untracked 
| 116|0x0000000088c00000, 0x0000000088c00000, 0x0000000088d00000|  0%| F|  |TAMS 0x0000000088c00000, 0x0000000088c00000| Untracked 
| 117|0x0000000088d00000, 0x0000000088d00000, 0x0000000088e00000|  0%| F|  |TAMS 0x0000000088d00000, 0x0000000088d00000| Untracked 
| 118|0x0000000088e00000, 0x0000000088e00000, 0x0000000088f00000|  0%| F|  |TAMS 0x0000000088e00000, 0x0000000088e00000| Untracked 
| 119|0x0000000088f00000, 0x0000000088f00000, 0x0000000089000000|  0%| F|  |TAMS 0x0000000088f00000, 0x0000000088f00000| Untracked 
| 120|0x0000000089000000, 0x0000000089000000, 0x0000000089100000|  0%| F|  |TAMS 0x0000000089000000, 0x0000000089000000| Untracked 
| 121|0x0000000089100000, 0x0000000089100000, 0x0000000089200000|  0%| F|  |TAMS 0x0000000089100000, 0x0000000089100000| Untracked 
| 122|0x0000000089200000, 0x0000000089200000, 0x0000000089300000|  0%| F|  |TAMS 0x0000000089200000, 0x0000000089200000| Untracked 
| 123|0x0000000089300000, 0x0000000089300000, 0x0000000089400000|  0%| F|  |TAMS 0x0000000089300000, 0x0000000089300000| Untracked 
| 124|0x0000000089400000, 0x0000000089400000, 0x0000000089500000|  0%| F|  |TAMS 0x0000000089400000, 0x0000000089400000| Untracked 
| 125|0x0000000089500000, 0x0000000089500000, 0x0000000089600000|  0%| F|  |TAMS 0x0000000089500000, 0x0000000089500000| Untracked 
| 126|0x0000000089600000, 0x00000000896c8818, 0x0000000089700000| 78%| E|  |TAMS 0x0000000089600000, 0x0000000089600000| Complete 
| 127|0x0000000089700000, 0x0000000089800000, 0x0000000089800000|100%| E|CS|TAMS 0x0000000089700000, 0x0000000089700000| Complete 

Card table byte_map: [0x000001df75180000,0x000001df75580000] _byte_map_base: 0x000001df74d74000

Marking Bits (Prev, Next): (CMBitMap*) 0x000001df5d6d8118, (CMBitMap*) 0x000001df5d6d8150
 Prev Bits: [0x000001df75980000, 0x000001df77920000)
 Next Bits: [0x000001df77920000, 0x000001df798c0000)

Polling page: 0x000001df5b630000

Metaspace:

Usage:
  Non-class:      7.66 MB capacity,     7.54 MB ( 98%) used,   116.32 KB (  1%) free+waste,     5.00 KB ( <1%) overhead. 
      Class:    794.00 KB capacity,   747.59 KB ( 94%) used,    44.54 KB (  6%) free+waste,     1.88 KB ( <1%) overhead. 
       Both:      8.44 MB capacity,     8.27 MB ( 98%) used,   160.86 KB (  2%) free+waste,     6.88 KB ( <1%) overhead. 

Virtual space:
  Non-class space:        8.00 MB reserved,       7.75 MB ( 97%) committed 
      Class space:        1.00 GB reserved,     896.00 KB ( <1%) committed 
             Both:        1.01 GB reserved,       8.63 MB ( <1%) committed 

Chunk freelists:
   Non-Class:  25.00 KB
       Class:  6.00 KB
        Both:  31.00 KB

MaxMetaspaceSize: 17179869184.00 GB
CompressedClassSpaceSize: 1.00 GB

CodeHeap 'non-profiled nmethods': size=120064Kb used=159Kb max_used=159Kb free=119904Kb
 bounds [0x000001df6d840000, 0x000001df6dab0000, 0x000001df74d80000]
CodeHeap 'profiled nmethods': size=120000Kb used=856Kb max_used=856Kb free=119144Kb
 bounds [0x000001df66310000, 0x000001df66580000, 0x000001df6d840000]
CodeHeap 'non-nmethods': size=5696Kb used=1065Kb max_used=1076Kb free=4630Kb
 bounds [0x000001df65d80000, 0x000001df65ff0000, 0x000001df66310000]
 total_blobs=890 nmethods=525 adapters=277
 compilation: enabled
              stopped_count=0, restarted_count=0
 full_count=0

Compilation events (20 events):
Event: 0.977 Thread 0x000001df7bdd6800  514       3       jdk.internal.org.objectweb.asm.ClassWriter::get (49 bytes)
Event: 0.978 Thread 0x000001df7bdd6800 nmethod 514 0x000001df663e2e10 code [0x000001df663e2fe0, 0x000001df663e32a8]
Event: 0.978 Thread 0x000001df7bdd6800  515       3       java.lang.StringBuilder::append (8 bytes)
Event: 0.978 Thread 0x000001df7bdd6800 nmethod 515 0x000001df663e3410 code [0x000001df663e35c0, 0x000001df663e3708]
Event: 0.978 Thread 0x000001df7bdd6800  513       3       jdk.internal.org.objectweb.asm.Item::set (219 bytes)
Event: 0.978 Thread 0x000001df7bdd6800 nmethod 513 0x000001df663e3790 code [0x000001df663e39a0, 0x000001df663e40b8]
Event: 0.979 Thread 0x000001df7bdd6800  516       1       java.lang.invoke.MemberName::getDeclaringClass (5 bytes)
Event: 0.979 Thread 0x000001df7bdd6800 nmethod 516 0x000001df6d865d90 code [0x000001df6d865f40, 0x000001df6d865ff8]
Event: 0.979 Thread 0x000001df7bdd6800  517       3       jdk.internal.org.objectweb.asm.ByteVector::putUTF8 (142 bytes)
Event: 0.980 Thread 0x000001df7bdd6800 nmethod 517 0x000001df663e4310 code [0x000001df663e45a0, 0x000001df663e5088]
Event: 0.983 Thread 0x000001df7bdd6800  518       3       java.io.FilterInputStream::<init> (10 bytes)
Event: 0.983 Thread 0x000001df7bdd6800 nmethod 518 0x000001df663e5590 code [0x000001df663e5740, 0x000001df663e5958]
Event: 0.983 Thread 0x000001df7bdd6800  519       3       java.util.zip.ZipUtils::LOCSIG (6 bytes)
Event: 0.984 Thread 0x000001df7bdd6800 nmethod 519 0x000001df663e5a10 code [0x000001df663e5be0, 0x000001df663e5e98]
Event: 0.985 Thread 0x000001df7bdd6800  520       3       java.net.URLStreamHandler::parseURL (1201 bytes)
Event: 0.989 Thread 0x000001df7bdd2000  522       4       java.util.zip.ZipCoder$UTF8::getBytes (10 bytes)
Event: 0.992 Thread 0x000001df7bdd2000 nmethod 522 0x000001df6d866290 code [0x000001df6d866440, 0x000001df6d866698]
Event: 0.992 Thread 0x000001df7bdd2000  523       4       java.lang.StringCoding::encodeUTF8 (132 bytes)
Event: 0.995 Thread 0x000001df7bdd2000 nmethod 523 0x000001df6d866810 code [0x000001df6d8669a0, 0x000001df6d866bd8]
Event: 0.995 Thread 0x000001df7bdd2000  526   !   4       java.util.zip.ZipFile::getEntry (73 bytes)

GC Heap History (2 events):
Event: 0.909 GC heap before
{Heap before GC invocations=0 (full 0):
 garbage-first heap   total 131072K, used 15360K [0x0000000081800000, 0x0000000100000000)
  region size 1024K, 14 young (14336K), 0 survivors (0K)
 Metaspace       used 7392K, capacity 7463K, committed 7680K, reserved 1056768K
  class space    used 650K, capacity 657K, committed 768K, reserved 1048576K
}
Event: 0.915 GC heap after
{Heap after GC invocations=1 (full 0):
 garbage-first heap   total 131072K, used 5724K [0x0000000081800000, 0x0000000100000000)
  region size 1024K, 2 young (2048K), 2 survivors (2048K)
 Metaspace       used 7392K, capacity 7463K, committed 7680K, reserved 1056768K
  class space    used 650K, capacity 657K, committed 768K, reserved 1048576K
}

Deoptimization events (20 events):
Event: 0.643 Thread 0x000001df5d69b800 DEOPT PACKING pc=0x000001df6635aeb8 sp=0x0000001c2def8d80
Event: 0.643 Thread 0x000001df5d69b800 DEOPT UNPACKING pc=0x000001df65da72ce sp=0x0000001c2def81d8 mode 0
Event: 0.649 Thread 0x000001df5d69b800 DEOPT PACKING pc=0x000001df66360c22 sp=0x0000001c2defa890
Event: 0.649 Thread 0x000001df5d69b800 DEOPT UNPACKING pc=0x000001df65da72ce sp=0x0000001c2def9cf8 mode 0
Event: 0.652 Thread 0x000001df5d69b800 DEOPT PACKING pc=0x000001df66342dd0 sp=0x0000001c2defa840
Event: 0.652 Thread 0x000001df5d69b800 DEOPT UNPACKING pc=0x000001df65da72ce sp=0x0000001c2def9cc8 mode 0
Event: 0.886 Thread 0x000001df5d69b800 DEOPT PACKING pc=0x000001df6635edff sp=0x0000001c2def9780
Event: 0.886 Thread 0x000001df5d69b800 DEOPT UNPACKING pc=0x000001df65da72ce sp=0x0000001c2def8bd0 mode 0
Event: 0.976 Thread 0x000001df5d69b800 Uncommon trap: trap_request=0xffffff4d fr.pc=0x000001df6d84cd6c relative=0x00000000000003ac
Event: 0.976 Thread 0x000001df5d69b800 Uncommon trap: reason=unstable_if action=reinterpret pc=0x000001df6d84cd6c method=java.lang.StringLatin1.canEncode(I)Z @ 4 c2
Event: 0.976 Thread 0x000001df5d69b800 DEOPT PACKING pc=0x000001df6d84cd6c sp=0x0000001c2defd650
Event: 0.976 Thread 0x000001df5d69b800 DEOPT UNPACKING pc=0x000001df65da74af sp=0x0000001c2defd578 mode 2
Event: 0.976 Thread 0x000001df5d69b800 Uncommon trap: trap_request=0xffffff4d fr.pc=0x000001df6d84dfdc relative=0x000000000000039c
Event: 0.976 Thread 0x000001df5d69b800 Uncommon trap: reason=unstable_if action=reinterpret pc=0x000001df6d84dfdc method=java.lang.AbstractStringBuilder.isLatin1()Z @ 10 c2
Event: 0.976 Thread 0x000001df5d69b800 DEOPT PACKING pc=0x000001df6d84dfdc sp=0x0000001c2defd660
Event: 0.976 Thread 0x000001df5d69b800 DEOPT UNPACKING pc=0x000001df65da74af sp=0x0000001c2defd5e0 mode 2
Event: 0.995 Thread 0x000001df5d69b800 Uncommon trap: trap_request=0xffffff4d fr.pc=0x000001df6d847fd4 relative=0x0000000000000034
Event: 0.995 Thread 0x000001df5d69b800 Uncommon trap: reason=unstable_if action=reinterpret pc=0x000001df6d847fd4 method=java.lang.StringLatin1.canEncode(I)Z @ 4 c2
Event: 0.995 Thread 0x000001df5d69b800 DEOPT PACKING pc=0x000001df6d847fd4 sp=0x0000001c2defcd30
Event: 0.995 Thread 0x000001df5d69b800 DEOPT UNPACKING pc=0x000001df65da74af sp=0x0000001c2defccc0 mode 2

Classes redefined (0 events):
No events

Internal exceptions (2 events):
Event: 0.822 Thread 0x000001df5d69b800 Exception <a 'java/lang/ClassNotFoundException'{0x0000000088a17f30}: javax/smartcardio/CardPermission> (0x0000000088a17f30) thrown at [./src/hotspot/share/classfile/systemDictionary.cpp, line 231]
Event: 0.836 Thread 0x000001df5d69b800 Exception <a 'java/io/FileNotFoundException'{0x0000000088a268f0}> (0x0000000088a268f0) thrown at [./src/hotspot/share/prims/jni.cpp, line 615]

Events (20 events):
Event: 0.988 loading class ch/qos/logback/core/boolex/EvaluationException
Event: 0.988 loading class ch/qos/logback/core/boolex/EvaluationException done
Event: 0.989 loading class ch/qos/logback/core/util/EnvUtil
Event: 0.989 loading class ch/qos/logback/core/util/EnvUtil done
Event: 0.990 loading class java/lang/invoke/VarHandle$AccessDescriptor
Event: 0.991 loading class java/lang/invoke/VarHandle$AccessDescriptor done
Event: 0.991 loading class java/lang/StringCoding$StringEncoder
Event: 0.991 loading class java/lang/StringCoding$StringEncoder done
Event: 0.991 loading class ch/qos/logback/core/spi/AppenderAttachableImpl
Event: 0.991 loading class ch/qos/logback/core/spi/AppenderAttachableImpl done
Event: 0.992 loading class ch/qos/logback/core/status/StatusUtil
Event: 0.992 loading class ch/qos/logback/core/status/StatusUtil done
Event: 0.994 loading class ch/qos/logback/core/util/StatusPrinter
Event: 0.994 loading class ch/qos/logback/core/util/StatusPrinter done
Event: 0.995 loading class ch/qos/logback/classic/selector/DefaultContextSelector
Event: 0.995 loading class ch/qos/logback/classic/selector/DefaultContextSelector done
Event: 0.998 loading class ch/qos/logback/classic/util/LoggerNameUtil
Event: 0.998 loading class ch/qos/logback/classic/util/LoggerNameUtil done
Event: 1.000 loading class org/apache/commons/logging/LogAdapter$Slf4jLocationAwareLog
Event: 1.000 loading class org/apache/commons/logging/LogAdapter$Slf4jLocationAwareLog done


Dynamic libraries:
0x00007ff6a7b50000 - 0x00007ff6a7b5d000 	C:\Program Files\Amazon Corretto\jdk11.0.9_12\bin\java.exe
0x00007ffb187d0000 - 0x00007ffb189c6000 	C:\WINDOWS\SYSTEM32\ntdll.dll
0x00007ffb16830000 - 0x00007ffb168ed000 	C:\WINDOWS\System32\KERNEL32.DLL
0x00007ffb16560000 - 0x00007ffb16829000 	C:\WINDOWS\System32\KERNELBASE.dll
0x00007ffb15fa0000 - 0x00007ffb160a0000 	C:\WINDOWS\System32\ucrtbase.dll
0x00007ffaef350000 - 0x00007ffaef365000 	C:\Program Files\Amazon Corretto\jdk11.0.9_12\bin\VCRUNTIME140.dll
0x00007ffae0d30000 - 0x00007ffae0d47000 	C:\Program Files\Amazon Corretto\jdk11.0.9_12\bin\jli.dll
0x00007ffb182b0000 - 0x00007ffb18450000 	C:\WINDOWS\System32\USER32.dll
0x00007ffb15f70000 - 0x00007ffb15f92000 	C:\WINDOWS\System32\win32u.dll
0x00007ffb174a0000 - 0x00007ffb174ca000 	C:\WINDOWS\System32\GDI32.dll
0x00007ffb16230000 - 0x00007ffb1633b000 	C:\WINDOWS\System32\gdi32full.dll
0x00007ffb16340000 - 0x00007ffb163dd000 	C:\WINDOWS\System32\msvcp_win.dll
0x00007ffafa610000 - 0x00007ffafa8ab000 	C:\WINDOWS\WinSxS\amd64_microsoft.windows.common-controls_6595b64144ccf1df_6.0.19041.746_none_ca02b4b61b8320a4\COMCTL32.dll
0x00007ffb170f0000 - 0x00007ffb1718e000 	C:\WINDOWS\System32\msvcrt.dll
0x00007ffb175a0000 - 0x00007ffb175d0000 	C:\WINDOWS\System32\IMM32.DLL
0x00007ffae2bb0000 - 0x00007ffae2c4b000 	C:\Program Files\Amazon Corretto\jdk11.0.9_12\bin\msvcp140.dll
0x00007ffac15b0000 - 0x00007ffac20f4000 	C:\Program Files\Amazon Corretto\jdk11.0.9_12\bin\server\jvm.dll
0x00007ffb18510000 - 0x00007ffb185bc000 	C:\WINDOWS\System32\ADVAPI32.dll
0x00007ffb175d0000 - 0x00007ffb1766c000 	C:\WINDOWS\System32\sechost.dll
0x00007ffb16fc0000 - 0x00007ffb170eb000 	C:\WINDOWS\System32\RPCRT4.dll
0x00007ffb17480000 - 0x00007ffb17488000 	C:\WINDOWS\System32\PSAPI.DLL
0x00007ffb05330000 - 0x00007ffb05339000 	C:\WINDOWS\SYSTEM32\WSOCK32.dll
0x00007ffb17530000 - 0x00007ffb1759b000 	C:\WINDOWS\System32\WS2_32.dll
0x00007ffb08260000 - 0x00007ffb08287000 	C:\WINDOWS\SYSTEM32\WINMM.dll
0x00007ffb0bae0000 - 0x00007ffb0baea000 	C:\WINDOWS\SYSTEM32\VERSION.dll
0x00007ffb147f0000 - 0x00007ffb14802000 	C:\WINDOWS\SYSTEM32\kernel.appcore.dll
0x00007ffb08b20000 - 0x00007ffb08b30000 	C:\Program Files\Amazon Corretto\jdk11.0.9_12\bin\verify.dll
0x00007ffb145b0000 - 0x00007ffb14794000 	C:\WINDOWS\SYSTEM32\DBGHELP.DLL
0x00007ffaf2610000 - 0x00007ffaf263c000 	C:\WINDOWS\SYSTEM32\dbgcore.DLL
0x00007ffb164e0000 - 0x00007ffb16560000 	C:\WINDOWS\System32\bcryptPrimitives.dll
0x00007ffae2c50000 - 0x00007ffae2c78000 	C:\Program Files\Amazon Corretto\jdk11.0.9_12\bin\java.dll
0x00007ffb05b30000 - 0x00007ffb05b3a000 	C:\Program Files\Amazon Corretto\jdk11.0.9_12\bin\jimage.dll
0x00007ffaed0a0000 - 0x00007ffaed0b7000 	C:\Program Files\Amazon Corretto\jdk11.0.9_12\bin\zip.dll
0x00007ffb17670000 - 0x00007ffb17db2000 	C:\WINDOWS\System32\SHELL32.dll
0x00007ffb13d60000 - 0x00007ffb144f0000 	C:\WINDOWS\SYSTEM32\windows.storage.dll
0x00007ffb168f0000 - 0x00007ffb16c46000 	C:\WINDOWS\System32\combase.dll
0x00007ffb15970000 - 0x00007ffb1599c000 	C:\WINDOWS\SYSTEM32\Wldp.dll
0x00007ffb186e0000 - 0x00007ffb1878e000 	C:\WINDOWS\System32\SHCORE.dll
0x00007ffb174d0000 - 0x00007ffb17525000 	C:\WINDOWS\System32\shlwapi.dll
0x00007ffb15e40000 - 0x00007ffb15e66000 	C:\WINDOWS\SYSTEM32\profapi.dll
0x00007ffaec7d0000 - 0x00007ffaec7e9000 	C:\Program Files\Amazon Corretto\jdk11.0.9_12\bin\net.dll
0x00007ffb0b270000 - 0x00007ffb0b370000 	C:\WINDOWS\SYSTEM32\WINHTTP.dll
0x00007ffb156f0000 - 0x00007ffb1575a000 	C:\WINDOWS\system32\mswsock.dll
0x00007ffae8060000 - 0x00007ffae8072000 	C:\Program Files\Amazon Corretto\jdk11.0.9_12\bin\nio.dll

dbghelp: loaded successfully - version: 4.0.5 - missing functions: none
symbol engine: initialized successfully - sym options: 0x614 - pdb path: .;C:\Program Files\Amazon Corretto\jdk11.0.9_12\bin;C:\WINDOWS\SYSTEM32;C:\WINDOWS\WinSxS\amd64_microsoft.windows.common-controls_6595b64144ccf1df_6.0.19041.746_none_ca02b4b61b8320a4;C:\Program Files\Amazon Corretto\jdk11.0.9_12\bin\server

VM Arguments:
java_command: com.PhanLam.backend.BackEndApplication
java_class_path (initial): D:\Capstone\Source code\Language Center System\language-center-system\back-end\target\classes;C:\Users\This MC\.m2\repository\org\springframework\boot\spring-boot-starter-data-jpa\2.4.2\spring-boot-starter-data-jpa-2.4.2.jar;C:\Users\This MC\.m2\repository\org\springframework\boot\spring-boot-starter-aop\2.4.2\spring-boot-starter-aop-2.4.2.jar;C:\Users\This MC\.m2\repository\org\aspectj\aspectjweaver\1.9.6\aspectjweaver-1.9.6.jar;C:\Users\This MC\.m2\repository\org\springframework\boot\spring-boot-starter-jdbc\2.4.2\spring-boot-starter-jdbc-2.4.2.jar;C:\Users\This MC\.m2\repository\com\zaxxer\HikariCP\3.4.5\HikariCP-3.4.5.jar;C:\Users\This MC\.m2\repository\org\springframework\spring-jdbc\5.3.3\spring-jdbc-5.3.3.jar;C:\Users\This MC\.m2\repository\jakarta\transaction\jakarta.transaction-api\1.3.3\jakarta.transaction-api-1.3.3.jar;C:\Users\This MC\.m2\repository\jakarta\persistence\jakarta.persistence-api\2.2.3\jakarta.persistence-api-2.2.3.jar;C:\Users\This MC\.m2\repository\org\hibernate\hibernate-core\5.4.27.Final\hibernate-core-5.4.27.Final.jar;C:\Users\This MC\.m2\repository\org\jboss\logging\jboss-logging\3.4.1.Final\jboss-logging-3.4.1.Final.jar;C:\Users\This MC\.m2\repository\org\javassist\javassist\3.27.0-GA\javassist-3.27.0-GA.jar;C:\Users\This MC\.m2\repository\net\bytebuddy\byte-buddy\1.10.19\byte-buddy-1.10.19.jar;C:\Users\This MC\.m2\repository\antlr\antlr\2.7.7\antlr-2.7.7.jar;C:\Users\This MC\.m2\repository\org\jboss\jandex\2.1.3.Final\jandex-2.1.3.Final.jar;C:\Users\This MC\.m2\repository\com\fasterxml\classmate\1.5.1\classmate-1.5.1.jar;C:\Users\This MC\.m2\repository\org\dom4j\dom4j\2.1.3\dom4j-2.1.3.jar;C:\Users\This MC\.m2\repository\org\hibernate\common\hibernate-commons-annotations\5.1.2.Final\hibernate-commons-annotations-5.1.2.Final.jar;C:\Users\This MC\.m2\repository\org\glassfish\jaxb\jaxb-runtime\2.3.3\jaxb-runtime-2.3.3.jar;C:\Users\This MC\.m2\repository\org\glassfish\jaxb\txw2\2.3.3\txw2-2.3.3.jar;C:\Users\T
Launcher Type: SUN_STANDARD

[Global flags]
     intx CICompilerCount                          = 3                                         {product} {ergonomic}
     uint ConcGCThreads                            = 1                                         {product} {ergonomic}
     uint G1ConcRefinementThreads                  = 4                                         {product} {ergonomic}
   size_t G1HeapRegionSize                         = 1048576                                   {product} {ergonomic}
    uintx GCDrainStackTargetSize                   = 64                                        {product} {ergonomic}
   size_t InitialHeapSize                          = 134217728                                 {product} {ergonomic}
   size_t MarkStackSize                            = 4194304                                   {product} {ergonomic}
   size_t MaxHeapSize                              = 2122317824                                {product} {ergonomic}
   size_t MaxNewSize                               = 1272971264                                {product} {ergonomic}
   size_t MinHeapDeltaBytes                        = 1048576                                   {product} {ergonomic}
    uintx NonNMethodCodeHeapSize                   = 5830732                                {pd product} {ergonomic}
    uintx NonProfiledCodeHeapSize                  = 122913754                              {pd product} {ergonomic}
    uintx ProfiledCodeHeapSize                     = 122913754                              {pd product} {ergonomic}
    uintx ReservedCodeCacheSize                    = 251658240                              {pd product} {ergonomic}
     bool SegmentedCodeCache                       = true                                      {product} {ergonomic}
     bool UseCompressedClassPointers               = true                                 {lp64_product} {ergonomic}
     bool UseCompressedOops                        = true                                 {lp64_product} {ergonomic}
     bool UseG1GC                                  = true                                      {product} {ergonomic}
     bool UseLargePagesIndividualAllocation        = false                                  {pd product} {ergonomic}

Logging:
Log output configuration:
 #0: stdout all=warning uptime,level,tags
 #1: stderr all=off uptime,level,tags

Environment Variables:
JAVA_HOME=C:\Program Files\Amazon Corretto\jdk11.0.9_12
PATH=C:\Program Files\Microsoft MPI\Bin\;C:\Program Files\Amazon Corretto\jdk11.0.9_12\bin;C:\Program Files (x86)\Common Files\Oracle\Java\javapath;C:\WINDOWS\system32;C:\WINDOWS;C:\WINDOWS\System32\Wbem;C:\WINDOWS\System32\WindowsPowerShell\v1.0\;C:\WINDOWS\System32\OpenSSH\;C:\Program Files\RedHat\java-14-openjdk-14.0.2-1\bin;C:\Program Files\nodejs\;C:\Program Files (x86)\Microsoft SQL Server\150\Tools\Binn\;C:\Program Files\Microsoft SQL Server\150\Tools\Binn\;C:\Program Files (x86)\Microsoft SQL Server\150\DTS\Binn\;C:\Program Files\Microsoft SQL Server\150\DTS\Binn\;C:\Program Files\Microsoft SQL Server\Client SDK\ODBC\170\Tools\Binn\;C:\Program Files\Azure Data Studio\bin;C:\Program Files\Git\cmd;C:\Users\This MC\AppData\Local\Microsoft\WindowsApps;C:\Users\This MC\AppData\Local\Programs\Microsoft VS Code\bin;C:\Users\This MC\AppData\Roaming\npm;C:\Program Files\Azure Data Studio\bin
USERNAME=This MC
OS=Windows_NT
PROCESSOR_IDENTIFIER=Intel64 Family 6 Model 69 Stepping 1, GenuineIntel



---------------  S Y S T E M  ---------------

OS: Windows 10 , 64 bit Build 19041 (10.0.19041.804)
OS uptime: 8 days 12:23 hours

CPU:total 4 (initial active 4) (2 cores per cpu, 2 threads per core) family 6 model 69 stepping 1, cmov, cx8, fxsr, mmx, sse, sse2, sse3, ssse3, sse4.1, sse4.2, popcnt, avx, avx2, aes, clmul, erms, lzcnt, ht, tsc, tscinvbit, bmi1, bmi2, fma

Memory: 4k page, system-wide physical 8089M (616M free)
TotalPageFile size 10649M (AvailPageFile size 5M)
current process WorkingSet (physical memory assigned to process): 63M, peak: 63M
current process commit charge ("private bytes"): 207M, peak: 207M

vm_info: OpenJDK 64-Bit Server VM (11.0.9.1+12-LTS) for windows-amd64 JRE (11.0.9.1+12-LTS), built on Nov  4 2020 10:17:53 by "Administrator" with MS VC++ 15.9 (VS2017)

END.
